;  LST file generated by mikroListExporter - v.2.0 
; Date/Time: 1/23/2023 6:43:33 PM
;----------------------------------------------

;Address Opcode 	ASM
0x0000	0x2AD0      	GOTO       720
_MSdelay:
;VendingMachine.c,521 :: 		void MSdelay(unsigned int val)
;VendingMachine.c,523 :: 		for(i=0;i<val;i++)
0x0003	0x1283      	BCF        STATUS, 5
0x0004	0x1703      	BSF        STATUS, 6
0x0005	0x0198      	CLRF       _i
0x0006	0x0199      	CLRF       _i+1
L_MSdelay103:
0x0007	0x0822      	MOVF       FARG_MSdelay_val+1, 0
0x0008	0x0219      	SUBWF      _i+1, 0
0x0009	0x1D03      	BTFSS      STATUS, 2
0x000A	0x280D      	GOTO       L__MSdelay151
0x000B	0x0821      	MOVF       FARG_MSdelay_val, 0
0x000C	0x0218      	SUBWF      _i, 0
L__MSdelay151:
0x000D	0x1803      	BTFSC      STATUS, 0
0x000E	0x2821      	GOTO       L_MSdelay104
;VendingMachine.c,524 :: 		for(j=0;j<165;j++);  /*This count Provide delay of 1 ms for 8MHz Frequency */
0x000F	0x0196      	CLRF       _j
0x0010	0x0197      	CLRF       _j+1
L_MSdelay106:
0x0011	0x3000      	MOVLW      0
0x0012	0x0217      	SUBWF      _j+1, 0
0x0013	0x1D03      	BTFSS      STATUS, 2
0x0014	0x2817      	GOTO       L__MSdelay152
0x0015	0x30A5      	MOVLW      165
0x0016	0x0216      	SUBWF      _j, 0
L__MSdelay152:
0x0017	0x1803      	BTFSC      STATUS, 0
0x0018	0x281D      	GOTO       L_MSdelay107
0x0019	0x0A96      	INCF       _j, 1
0x001A	0x1903      	BTFSC      STATUS, 2
0x001B	0x0A97      	INCF       _j+1, 1
0x001C	0x2811      	GOTO       L_MSdelay106
L_MSdelay107:
;VendingMachine.c,523 :: 		for(i=0;i<val;i++)
0x001D	0x0A98      	INCF       _i, 1
0x001E	0x1903      	BTFSC      STATUS, 2
0x001F	0x0A99      	INCF       _i+1, 1
;VendingMachine.c,524 :: 		for(j=0;j<165;j++);  /*This count Provide delay of 1 ms for 8MHz Frequency */
0x0020	0x2807      	GOTO       L_MSdelay103
L_MSdelay104:
;VendingMachine.c,525 :: 		}
L_end_MSdelay:
0x0021	0x0008      	RETURN
; end of _MSdelay
_LCD_Char:
;VendingMachine.c,350 :: 		void LCD_Char (unsigned char chardata) /* LCD data write function */
;VendingMachine.c,352 :: 		ldata = (ldata & 0x0f) | (0xF0 & chardata);  /*Send higher nibble of data first to PORT*/
0x0022	0x300F      	MOVLW      15
0x0023	0x1283      	BCF        STATUS, 5
0x0024	0x1303      	BCF        STATUS, 6
0x0025	0x0508      	ANDWF      PORTD, 0
0x0026	0x00F1      	MOVWF      R1
0x0027	0x30F0      	MOVLW      240
0x0028	0x1703      	BSF        STATUS, 6
0x0029	0x0520      	ANDWF      FARG_LCD_Char_chardata, 0
0x002A	0x00F0      	MOVWF      R0
0x002B	0x0870      	MOVF       R0, 0
0x002C	0x0471      	IORWF      R1, 0
0x002D	0x1303      	BCF        STATUS, 6
0x002E	0x0088      	MOVWF      PORTD
;VendingMachine.c,353 :: 		RS = 1;  /*Data Register is selected*/
0x002F	0x1408      	BSF        RD0_bit, BitPos(RD0_bit+0)
;VendingMachine.c,354 :: 		EN = 1;  /*High-to-low pulse on Enable pin to latch data*/
0x0030	0x1488      	BSF        RD1_bit, BitPos(RD1_bit+0)
;VendingMachine.c,355 :: 		asm NOP;
0x0031	0x0000      	NOP
;VendingMachine.c,356 :: 		EN = 0;
0x0032	0x1088      	BCF        RD1_bit, BitPos(RD1_bit+0)
;VendingMachine.c,357 :: 		MSdelay(1);
0x0033	0x3001      	MOVLW      1
0x0034	0x1703      	BSF        STATUS, 6
0x0035	0x00A1      	MOVWF      FARG_MSdelay_val
0x0036	0x3000      	MOVLW      0
0x0037	0x00A2      	MOVWF      FARG_MSdelay_val+1
0x0038	0x2003      	CALL       _MSdelay
;VendingMachine.c,358 :: 		ldata = (ldata & 0x0f) | (chardata<<4);  /*Send lower nibble of data to PORT*/
0x0039	0x300F      	MOVLW      15
0x003A	0x1303      	BCF        STATUS, 6
0x003B	0x0508      	ANDWF      PORTD, 0
0x003C	0x00F2      	MOVWF      R2
0x003D	0x1703      	BSF        STATUS, 6
0x003E	0x0820      	MOVF       FARG_LCD_Char_chardata, 0
0x003F	0x00F0      	MOVWF      R0
0x0040	0x0DF0      	RLF        R0, 1
0x0041	0x1070      	BCF        R0, 0
0x0042	0x0DF0      	RLF        R0, 1
0x0043	0x1070      	BCF        R0, 0
0x0044	0x0DF0      	RLF        R0, 1
0x0045	0x1070      	BCF        R0, 0
0x0046	0x0DF0      	RLF        R0, 1
0x0047	0x1070      	BCF        R0, 0
0x0048	0x0870      	MOVF       R0, 0
0x0049	0x0472      	IORWF      R2, 0
0x004A	0x1303      	BCF        STATUS, 6
0x004B	0x0088      	MOVWF      PORTD
;VendingMachine.c,359 :: 		EN = 1;  /*High-to-low pulse on Enable pin to latch data*/
0x004C	0x1488      	BSF        RD1_bit, BitPos(RD1_bit+0)
;VendingMachine.c,360 :: 		asm NOP;
0x004D	0x0000      	NOP
;VendingMachine.c,361 :: 		EN = 0;
0x004E	0x1088      	BCF        RD1_bit, BitPos(RD1_bit+0)
;VendingMachine.c,362 :: 		MSdelay(3);
0x004F	0x3003      	MOVLW      3
0x0050	0x1703      	BSF        STATUS, 6
0x0051	0x00A1      	MOVWF      FARG_MSdelay_val
0x0052	0x3000      	MOVLW      0
0x0053	0x00A2      	MOVWF      FARG_MSdelay_val+1
0x0054	0x2003      	CALL       _MSdelay
;VendingMachine.c,363 :: 		}
L_end_LCD_Char:
0x0055	0x0008      	RETURN
; end of _LCD_Char
_Mul_8X8_U:
;__Lib_Math.c,103 :: 		
;__Lib_Math.c,108 :: 		
0x0056	0x1283      	BCF        STATUS, 5
;__Lib_Math.c,109 :: 		
0x0057	0x1303      	BCF        STATUS, 6
;__Lib_Math.c,110 :: 		
0x0058	0x0870      	MOVF       R0, 0
;__Lib_Math.c,111 :: 		
0x0059	0x00F1      	MOVWF      R1
;__Lib_Math.c,112 :: 		
0x005A	0x01F0      	CLRF       R0
;__Lib_Math.c,113 :: 		
0x005B	0x3008      	MOVLW      8
;__Lib_Math.c,114 :: 		
0x005C	0x00FC      	MOVWF      R12
;__Lib_Math.c,115 :: 		
0x005D	0x0871      	MOVF       R1, 0
;__Lib_Math.c,116 :: 		
0x005E	0x0CF4      	RRF        R4, 1
;__Lib_Math.c,117 :: 		
0x005F	0x1803      	BTFSC      STATUS, 0
;__Lib_Math.c,118 :: 		
0x0060	0x2865      	GOTO       $+5
;__Lib_Math.c,119 :: 		
0x0061	0x0BFC      	DECFSZ     R12, 1
;__Lib_Math.c,120 :: 		
0x0062	0x285E      	GOTO       $-4
;__Lib_Math.c,121 :: 		
0x0063	0x01F1      	CLRF       R1
;__Lib_Math.c,122 :: 		
0x0064	0x3400      	RETLW      0
;__Lib_Math.c,123 :: 		
0x0065	0x1003      	BCF        STATUS, 0
;__Lib_Math.c,124 :: 		
0x0066	0x286A      	GOTO       $+4
;__Lib_Math.c,125 :: 		
0x0067	0x0CF4      	RRF        R4, 1
;__Lib_Math.c,126 :: 		
0x0068	0x1803      	BTFSC      STATUS, 0
;__Lib_Math.c,127 :: 		
0x0069	0x07F1      	ADDWF      R1, 1
;__Lib_Math.c,128 :: 		
0x006A	0x0CF1      	RRF        R1, 1
;__Lib_Math.c,129 :: 		
0x006B	0x0CF0      	RRF        R0, 1
;__Lib_Math.c,130 :: 		
0x006C	0x0BFC      	DECFSZ     R12, 1
;__Lib_Math.c,131 :: 		
0x006D	0x2867      	GOTO       $-6
;__Lib_Math.c,133 :: 		
;__Lib_Math.c,134 :: 		
L_end_Mul_8X8_U:
0x006E	0x0008      	RETURN
; end of _Mul_8X8_U
_Div_16X16_U:
;__Lib_Math.c,215 :: 		
;__Lib_Math.c,222 :: 		
0x006F	0x1283      	BCF        STATUS, 5
;__Lib_Math.c,223 :: 		
0x0070	0x1303      	BCF        STATUS, 6
;__Lib_Math.c,224 :: 		
0x0071	0x01F8      	CLRF       R8
;__Lib_Math.c,225 :: 		
0x0072	0x01F9      	CLRF       R9
;__Lib_Math.c,226 :: 		
0x0073	0x3010      	MOVLW      16
;__Lib_Math.c,227 :: 		
0x0074	0x00FC      	MOVWF      R12
;__Lib_Math.c,228 :: 		
0x0075	0x0D71      	RLF        R1, 0
;__Lib_Math.c,229 :: 		
0x0076	0x0DF8      	RLF        R8, 1
;__Lib_Math.c,230 :: 		
0x0077	0x0DF9      	RLF        R9, 1
;__Lib_Math.c,231 :: 		
0x0078	0x0874      	MOVF       R4, 0
;__Lib_Math.c,232 :: 		
0x0079	0x02F8      	SUBWF      R8, 1
;__Lib_Math.c,233 :: 		
0x007A	0x0875      	MOVF       R5, 0
;__Lib_Math.c,234 :: 		
0x007B	0x1C03      	BTFSS      STATUS, 0
;__Lib_Math.c,235 :: 		
0x007C	0x0F75      	INCFSZ     R5, 0
;__Lib_Math.c,236 :: 		
0x007D	0x02F9      	SUBWF      R9, 1
;__Lib_Math.c,237 :: 		
0x007E	0x1803      	BTFSC      STATUS, 0
;__Lib_Math.c,238 :: 		
0x007F	0x2887      	GOTO       $+8
;__Lib_Math.c,239 :: 		
0x0080	0x0874      	MOVF       R4, 0
;__Lib_Math.c,240 :: 		
0x0081	0x07F8      	ADDWF      R8, 1
;__Lib_Math.c,241 :: 		
0x0082	0x0875      	MOVF       R5, 0
;__Lib_Math.c,242 :: 		
0x0083	0x1803      	BTFSC      STATUS, 0
;__Lib_Math.c,243 :: 		
0x0084	0x0F75      	INCFSZ     R5, 0
;__Lib_Math.c,244 :: 		
0x0085	0x07F9      	ADDWF      R9, 1
;__Lib_Math.c,245 :: 		
0x0086	0x1003      	BCF        STATUS, 0
;__Lib_Math.c,246 :: 		
0x0087	0x0DF0      	RLF        R0, 1
;__Lib_Math.c,247 :: 		
0x0088	0x0DF1      	RLF        R1, 1
;__Lib_Math.c,248 :: 		
0x0089	0x0BFC      	DECFSZ     R12, 1
;__Lib_Math.c,249 :: 		
0x008A	0x2875      	GOTO       $-21
;__Lib_Math.c,251 :: 		
L_end_Div_16X16_U:
0x008B	0x0008      	RETURN
; end of _Div_16X16_U
_LCD_command:
;VendingMachine.c,307 :: 		void LCD_command(unsigned char cmnd)
;VendingMachine.c,309 :: 		ldata = (ldata & 0x0f) |(0xF0 & cmnd);  /*Send higher nibble of command first to PORT*/
0x008C	0x300F      	MOVLW      15
0x008D	0x1283      	BCF        STATUS, 5
0x008E	0x1303      	BCF        STATUS, 6
0x008F	0x0508      	ANDWF      PORTD, 0
0x0090	0x00F1      	MOVWF      R1
0x0091	0x30F0      	MOVLW      240
0x0092	0x1703      	BSF        STATUS, 6
0x0093	0x051F      	ANDWF      FARG_LCD_command_cmnd, 0
0x0094	0x00F0      	MOVWF      R0
0x0095	0x0870      	MOVF       R0, 0
0x0096	0x0471      	IORWF      R1, 0
0x0097	0x1303      	BCF        STATUS, 6
0x0098	0x0088      	MOVWF      PORTD
;VendingMachine.c,310 :: 		RS = 0;  /*Command Register is selected i.e.RS=0*/
0x0099	0x1008      	BCF        RD0_bit, BitPos(RD0_bit+0)
;VendingMachine.c,311 :: 		EN = 1;  /*High-to-low pulse on Enable pin to latch data*/
0x009A	0x1488      	BSF        RD1_bit, BitPos(RD1_bit+0)
;VendingMachine.c,312 :: 		asm NOP;
0x009B	0x0000      	NOP
;VendingMachine.c,313 :: 		EN = 0;
0x009C	0x1088      	BCF        RD1_bit, BitPos(RD1_bit+0)
;VendingMachine.c,314 :: 		MSdelay(1);
0x009D	0x3001      	MOVLW      1
0x009E	0x1703      	BSF        STATUS, 6
0x009F	0x00A1      	MOVWF      FARG_MSdelay_val
0x00A0	0x3000      	MOVLW      0
0x00A1	0x00A2      	MOVWF      FARG_MSdelay_val+1
0x00A2	0x2003      	CALL       _MSdelay
;VendingMachine.c,315 :: 		ldata = (ldata & 0x0f) | (cmnd<<4);  /*Send lower nibble of command to PORT */
0x00A3	0x300F      	MOVLW      15
0x00A4	0x1303      	BCF        STATUS, 6
0x00A5	0x0508      	ANDWF      PORTD, 0
0x00A6	0x00F2      	MOVWF      R2
0x00A7	0x1703      	BSF        STATUS, 6
0x00A8	0x081F      	MOVF       FARG_LCD_command_cmnd, 0
0x00A9	0x00F0      	MOVWF      R0
0x00AA	0x0DF0      	RLF        R0, 1
0x00AB	0x1070      	BCF        R0, 0
0x00AC	0x0DF0      	RLF        R0, 1
0x00AD	0x1070      	BCF        R0, 0
0x00AE	0x0DF0      	RLF        R0, 1
0x00AF	0x1070      	BCF        R0, 0
0x00B0	0x0DF0      	RLF        R0, 1
0x00B1	0x1070      	BCF        R0, 0
0x00B2	0x0870      	MOVF       R0, 0
0x00B3	0x0472      	IORWF      R2, 0
0x00B4	0x1303      	BCF        STATUS, 6
0x00B5	0x0088      	MOVWF      PORTD
;VendingMachine.c,316 :: 		EN = 1;
0x00B6	0x1488      	BSF        RD1_bit, BitPos(RD1_bit+0)
;VendingMachine.c,317 :: 		asm NOP;
0x00B7	0x0000      	NOP
;VendingMachine.c,318 :: 		EN = 0;
0x00B8	0x1088      	BCF        RD1_bit, BitPos(RD1_bit+0)
;VendingMachine.c,319 :: 		MSdelay(3);
0x00B9	0x3003      	MOVLW      3
0x00BA	0x1703      	BSF        STATUS, 6
0x00BB	0x00A1      	MOVWF      FARG_MSdelay_val
0x00BC	0x3000      	MOVLW      0
0x00BD	0x00A2      	MOVWF      FARG_MSdelay_val+1
0x00BE	0x2003      	CALL       _MSdelay
;VendingMachine.c,320 :: 		}
L_end_LCD_command:
0x00BF	0x0008      	RETURN
; end of _LCD_command
_LCD_String:
;VendingMachine.c,341 :: 		void LCD_String (unsigned char *str) /* Send string to LCD function */
;VendingMachine.c,343 :: 		while((*str)!=0)
L_LCD_String62:
0x00C0	0x1283      	BCF        STATUS, 5
0x00C1	0x1703      	BSF        STATUS, 6
0x00C2	0x081F      	MOVF       FARG_LCD_String_str, 0
0x00C3	0x0084      	MOVWF      FSR
0x00C4	0x0800      	MOVF       INDF, 0
0x00C5	0x3A00      	XORLW      0
0x00C6	0x1903      	BTFSC      STATUS, 2
0x00C7	0x28CF      	GOTO       L_LCD_String63
;VendingMachine.c,345 :: 		LCD_Char(*str);
0x00C8	0x081F      	MOVF       FARG_LCD_String_str, 0
0x00C9	0x0084      	MOVWF      FSR
0x00CA	0x0800      	MOVF       INDF, 0
0x00CB	0x00A0      	MOVWF      FARG_LCD_Char_chardata
0x00CC	0x2022      	CALL       _LCD_Char
;VendingMachine.c,346 :: 		str++;
0x00CD	0x0A9F      	INCF       FARG_LCD_String_str, 1
;VendingMachine.c,347 :: 		}
0x00CE	0x28C0      	GOTO       L_LCD_String62
L_LCD_String63:
;VendingMachine.c,348 :: 		}
L_end_LCD_String:
0x00CF	0x0008      	RETURN
; end of _LCD_String
_____DoICP:
;__Lib_System.c,6 :: 		
;__Lib_System.c,9 :: 		
0x00D0	0x1283      	BCF        STATUS, 5
0x00D1	0x1703      	BSF        STATUS, 6
0x00D2	0x0815      	MOVF       ___DoICPAddr+1, 0
0x00D3	0x008A      	MOVWF      PCLATH
;__Lib_System.c,10 :: 		
0x00D4	0x0814      	MOVF       ___DoICPAddr, 0
0x00D5	0x0082      	MOVWF      PCL
;__Lib_System.c,12 :: 		
L_end_____DoICP:
0x00D6	0x0008      	RETURN
; end of _____DoICP
_key:
;VendingMachine.c,379 :: 		unsigned char key()
;VendingMachine.c,381 :: 		PORTB=0X00;
0x00D7	0x1283      	BCF        STATUS, 5
0x00D8	0x1303      	BCF        STATUS, 6
0x00D9	0x0186      	CLRF       PORTB
;VendingMachine.c,382 :: 		while(!C1||!C2||!C3) {
L_key64:
0x00DA	0x1283      	BCF        STATUS, 5
0x00DB	0x1E06      	BTFSS      RB4_bit, BitPos(RB4_bit+0)
0x00DC	0x28E2      	GOTO       L__key122
0x00DD	0x1E86      	BTFSS      RB5_bit, BitPos(RB5_bit+0)
0x00DE	0x28E2      	GOTO       L__key122
0x00DF	0x1F06      	BTFSS      RB6_bit, BitPos(RB6_bit+0)
0x00E0	0x28E2      	GOTO       L__key122
0x00E1	0x293F      	GOTO       L_key65
L__key122:
;VendingMachine.c,383 :: 		R1=0;
0x00E2	0x1006      	BCF        RB0_bit, BitPos(RB0_bit+0)
;VendingMachine.c,384 :: 		R2=R3=R4=1;
0x00E3	0x1586      	BSF        RB3_bit, BitPos(RB3_bit+0)
0x00E4	0x1986      	BTFSC      RB3_bit, BitPos(RB3_bit+0)
0x00E5	0x28E8      	GOTO       L__key142
0x00E6	0x1106      	BCF        RB2_bit, BitPos(RB2_bit+0)
0x00E7	0x28E9      	GOTO       L__key143
L__key142:
0x00E8	0x1506      	BSF        RB2_bit, BitPos(RB2_bit+0)
L__key143:
0x00E9	0x1906      	BTFSC      RB2_bit, BitPos(RB2_bit+0)
0x00EA	0x28ED      	GOTO       L__key144
0x00EB	0x1086      	BCF        RB1_bit, BitPos(RB1_bit+0)
0x00EC	0x28EE      	GOTO       L__key145
L__key144:
0x00ED	0x1486      	BSF        RB1_bit, BitPos(RB1_bit+0)
L__key145:
;VendingMachine.c,385 :: 		if(!C1||!C2||!C3) {
0x00EE	0x1E06      	BTFSS      RB4_bit, BitPos(RB4_bit+0)
0x00EF	0x28F5      	GOTO       L__key121
0x00F0	0x1E86      	BTFSS      RB5_bit, BitPos(RB5_bit+0)
0x00F1	0x28F5      	GOTO       L__key121
0x00F2	0x1F06      	BTFSS      RB6_bit, BitPos(RB6_bit+0)
0x00F3	0x28F5      	GOTO       L__key121
0x00F4	0x28FF      	GOTO       L_key70
L__key121:
;VendingMachine.c,386 :: 		MSdelay(100);
0x00F5	0x3064      	MOVLW      100
0x00F6	0x1703      	BSF        STATUS, 6
0x00F7	0x00A1      	MOVWF      FARG_MSdelay_val
0x00F8	0x3000      	MOVLW      0
0x00F9	0x00A2      	MOVWF      FARG_MSdelay_val+1
0x00FA	0x2003      	CALL       _MSdelay
;VendingMachine.c,387 :: 		rowloc=0;
0x00FB	0x1683      	BSF        STATUS, 5
0x00FC	0x1303      	BCF        STATUS, 6
0x00FD	0x01E9      	CLRF       _rowloc
;VendingMachine.c,388 :: 		break;
0x00FE	0x293F      	GOTO       L_key65
;VendingMachine.c,389 :: 		}
L_key70:
;VendingMachine.c,390 :: 		R2=0;R1=1;
0x00FF	0x1283      	BCF        STATUS, 5
0x0100	0x1086      	BCF        RB1_bit, BitPos(RB1_bit+0)
0x0101	0x1406      	BSF        RB0_bit, BitPos(RB0_bit+0)
;VendingMachine.c,391 :: 		if(!C1||!C2||!C3) {
0x0102	0x1E06      	BTFSS      RB4_bit, BitPos(RB4_bit+0)
0x0103	0x2909      	GOTO       L__key120
0x0104	0x1E86      	BTFSS      RB5_bit, BitPos(RB5_bit+0)
0x0105	0x2909      	GOTO       L__key120
0x0106	0x1F06      	BTFSS      RB6_bit, BitPos(RB6_bit+0)
0x0107	0x2909      	GOTO       L__key120
0x0108	0x2914      	GOTO       L_key73
L__key120:
;VendingMachine.c,392 :: 		MSdelay(100);
0x0109	0x3064      	MOVLW      100
0x010A	0x1703      	BSF        STATUS, 6
0x010B	0x00A1      	MOVWF      FARG_MSdelay_val
0x010C	0x3000      	MOVLW      0
0x010D	0x00A2      	MOVWF      FARG_MSdelay_val+1
0x010E	0x2003      	CALL       _MSdelay
;VendingMachine.c,393 :: 		rowloc=1;
0x010F	0x3001      	MOVLW      1
0x0110	0x1683      	BSF        STATUS, 5
0x0111	0x1303      	BCF        STATUS, 6
0x0112	0x00E9      	MOVWF      _rowloc
;VendingMachine.c,394 :: 		break;
0x0113	0x293F      	GOTO       L_key65
;VendingMachine.c,395 :: 		}
L_key73:
;VendingMachine.c,396 :: 		R3=0;R2=1;
0x0114	0x1283      	BCF        STATUS, 5
0x0115	0x1106      	BCF        RB2_bit, BitPos(RB2_bit+0)
0x0116	0x1486      	BSF        RB1_bit, BitPos(RB1_bit+0)
;VendingMachine.c,397 :: 		if(!C1||!C2||!C3) {
0x0117	0x1E06      	BTFSS      RB4_bit, BitPos(RB4_bit+0)
0x0118	0x291E      	GOTO       L__key119
0x0119	0x1E86      	BTFSS      RB5_bit, BitPos(RB5_bit+0)
0x011A	0x291E      	GOTO       L__key119
0x011B	0x1F06      	BTFSS      RB6_bit, BitPos(RB6_bit+0)
0x011C	0x291E      	GOTO       L__key119
0x011D	0x2929      	GOTO       L_key76
L__key119:
;VendingMachine.c,398 :: 		MSdelay(100);
0x011E	0x3064      	MOVLW      100
0x011F	0x1703      	BSF        STATUS, 6
0x0120	0x00A1      	MOVWF      FARG_MSdelay_val
0x0121	0x3000      	MOVLW      0
0x0122	0x00A2      	MOVWF      FARG_MSdelay_val+1
0x0123	0x2003      	CALL       _MSdelay
;VendingMachine.c,399 :: 		rowloc=2;
0x0124	0x3002      	MOVLW      2
0x0125	0x1683      	BSF        STATUS, 5
0x0126	0x1303      	BCF        STATUS, 6
0x0127	0x00E9      	MOVWF      _rowloc
;VendingMachine.c,400 :: 		break;
0x0128	0x293F      	GOTO       L_key65
;VendingMachine.c,401 :: 		}
L_key76:
;VendingMachine.c,402 :: 		R4=0; R3=1;
0x0129	0x1283      	BCF        STATUS, 5
0x012A	0x1186      	BCF        RB3_bit, BitPos(RB3_bit+0)
0x012B	0x1506      	BSF        RB2_bit, BitPos(RB2_bit+0)
;VendingMachine.c,403 :: 		if(!C1||!C2||!C3){
0x012C	0x1E06      	BTFSS      RB4_bit, BitPos(RB4_bit+0)
0x012D	0x2933      	GOTO       L__key118
0x012E	0x1E86      	BTFSS      RB5_bit, BitPos(RB5_bit+0)
0x012F	0x2933      	GOTO       L__key118
0x0130	0x1F06      	BTFSS      RB6_bit, BitPos(RB6_bit+0)
0x0131	0x2933      	GOTO       L__key118
0x0132	0x293E      	GOTO       L_key79
L__key118:
;VendingMachine.c,404 :: 		MSdelay(100);
0x0133	0x3064      	MOVLW      100
0x0134	0x1703      	BSF        STATUS, 6
0x0135	0x00A1      	MOVWF      FARG_MSdelay_val
0x0136	0x3000      	MOVLW      0
0x0137	0x00A2      	MOVWF      FARG_MSdelay_val+1
0x0138	0x2003      	CALL       _MSdelay
;VendingMachine.c,405 :: 		rowloc=3;
0x0139	0x3003      	MOVLW      3
0x013A	0x1683      	BSF        STATUS, 5
0x013B	0x1303      	BCF        STATUS, 6
0x013C	0x00E9      	MOVWF      _rowloc
;VendingMachine.c,406 :: 		break;
0x013D	0x293F      	GOTO       L_key65
;VendingMachine.c,407 :: 		}
L_key79:
;VendingMachine.c,408 :: 		}
0x013E	0x28DA      	GOTO       L_key64
L_key65:
;VendingMachine.c,409 :: 		if(C1==0&&C2!=0&&C3!=0)
0x013F	0x1283      	BCF        STATUS, 5
0x0140	0x1A06      	BTFSC      RB4_bit, BitPos(RB4_bit+0)
0x0141	0x294E      	GOTO       L_key82
0x0142	0x1E86      	BTFSS      RB5_bit, BitPos(RB5_bit+0)
0x0143	0x294E      	GOTO       L_key82
0x0144	0x1F06      	BTFSS      RB6_bit, BitPos(RB6_bit+0)
0x0145	0x294E      	GOTO       L_key82
L__key117:
;VendingMachine.c,411 :: 		MSdelay(100);
0x0146	0x3064      	MOVLW      100
0x0147	0x1703      	BSF        STATUS, 6
0x0148	0x00A1      	MOVWF      FARG_MSdelay_val
0x0149	0x3000      	MOVLW      0
0x014A	0x00A2      	MOVWF      FARG_MSdelay_val+1
0x014B	0x2003      	CALL       _MSdelay
;VendingMachine.c,412 :: 		colloc=0;
0x014C	0x0190      	CLRF       _colloc
;VendingMachine.c,413 :: 		}
0x014D	0x296A      	GOTO       L_key83
L_key82:
0x014E	0x1703      	BSF        STATUS, 6
;VendingMachine.c,414 :: 		else if(C1!=0&&C2==0&&C3!=0)
0x014F	0x1E06      	BTFSS      RB4_bit, BitPos(RB4_bit+0)
0x0150	0x295D      	GOTO       L_key86
0x0151	0x1A86      	BTFSC      RB5_bit, BitPos(RB5_bit+0)
0x0152	0x295D      	GOTO       L_key86
0x0153	0x1F06      	BTFSS      RB6_bit, BitPos(RB6_bit+0)
0x0154	0x295D      	GOTO       L_key86
L__key116:
;VendingMachine.c,416 :: 		MSdelay(100);
0x0155	0x3064      	MOVLW      100
0x0156	0x00A1      	MOVWF      FARG_MSdelay_val
0x0157	0x3000      	MOVLW      0
0x0158	0x00A2      	MOVWF      FARG_MSdelay_val+1
0x0159	0x2003      	CALL       _MSdelay
;VendingMachine.c,417 :: 		colloc=1;
0x015A	0x3001      	MOVLW      1
0x015B	0x0090      	MOVWF      _colloc
;VendingMachine.c,418 :: 		}
0x015C	0x296A      	GOTO       L_key87
L_key86:
;VendingMachine.c,419 :: 		else if(C1!=0&&C2!=0&&C3==0)
0x015D	0x1E06      	BTFSS      RB4_bit, BitPos(RB4_bit+0)
0x015E	0x296A      	GOTO       L_key90
0x015F	0x1E86      	BTFSS      RB5_bit, BitPos(RB5_bit+0)
0x0160	0x296A      	GOTO       L_key90
0x0161	0x1B06      	BTFSC      RB6_bit, BitPos(RB6_bit+0)
0x0162	0x296A      	GOTO       L_key90
L__key115:
;VendingMachine.c,421 :: 		MSdelay(100);
0x0163	0x3064      	MOVLW      100
0x0164	0x00A1      	MOVWF      FARG_MSdelay_val
0x0165	0x3000      	MOVLW      0
0x0166	0x00A2      	MOVWF      FARG_MSdelay_val+1
0x0167	0x2003      	CALL       _MSdelay
;VendingMachine.c,422 :: 		colloc=2;
0x0168	0x3002      	MOVLW      2
0x0169	0x0090      	MOVWF      _colloc
;VendingMachine.c,423 :: 		}
L_key90:
L_key87:
L_key83:
;VendingMachine.c,425 :: 		while(C1==0||C2==0||C3==0);
L_key91:
0x016A	0x1E06      	BTFSS      RB4_bit, BitPos(RB4_bit+0)
0x016B	0x2971      	GOTO       L__key114
0x016C	0x1E86      	BTFSS      RB5_bit, BitPos(RB5_bit+0)
0x016D	0x2971      	GOTO       L__key114
0x016E	0x1F06      	BTFSS      RB6_bit, BitPos(RB6_bit+0)
0x016F	0x2971      	GOTO       L__key114
0x0170	0x2972      	GOTO       L_key92
L__key114:
0x0171	0x296A      	GOTO       L_key91
L_key92:
;VendingMachine.c,426 :: 		return (keypad[rowloc][colloc]);
0x0172	0x3003      	MOVLW      3
0x0173	0x00F0      	MOVWF      R0
0x0174	0x1683      	BSF        STATUS, 5
0x0175	0x1303      	BCF        STATUS, 6
0x0176	0x0869      	MOVF       _rowloc, 0
0x0177	0x00F4      	MOVWF      R4
0x0178	0x2056      	CALL       _Mul_8X8_U
0x0179	0x30CB      	MOVLW      _keypad
0x017A	0x07F0      	ADDWF      R0, 1
0x017B	0x1703      	BSF        STATUS, 6
0x017C	0x0810      	MOVF       _colloc, 0
0x017D	0x0770      	ADDWF      R0, 0
0x017E	0x0084      	MOVWF      FSR
0x017F	0x0800      	MOVF       INDF, 0
0x0180	0x00F0      	MOVWF      R0
;VendingMachine.c,427 :: 		}
L_end_key:
0x0181	0x0008      	RETURN
; end of _key
_LCD_Clear:
;VendingMachine.c,366 :: 		void LCD_Clear()
;VendingMachine.c,368 :: 		LCD_Command(0x01);  /*clear display screen*/
0x0182	0x3001      	MOVLW      1
0x0183	0x1283      	BCF        STATUS, 5
0x0184	0x1703      	BSF        STATUS, 6
0x0185	0x009F      	MOVWF      FARG_LCD_command_cmnd
0x0186	0x208C      	CALL       _LCD_command
;VendingMachine.c,369 :: 		MSdelay(3);
0x0187	0x3003      	MOVLW      3
0x0188	0x00A1      	MOVWF      FARG_MSdelay_val
0x0189	0x3000      	MOVLW      0
0x018A	0x00A2      	MOVWF      FARG_MSdelay_val+1
0x018B	0x2003      	CALL       _MSdelay
;VendingMachine.c,370 :: 		}
L_end_LCD_Clear:
0x018C	0x0008      	RETURN
; end of _LCD_Clear
_keyinit:
;VendingMachine.c,374 :: 		void keyinit()
;VendingMachine.c,376 :: 		TRISB=0XF0;
0x018D	0x30F0      	MOVLW      240
0x018E	0x1683      	BSF        STATUS, 5
0x018F	0x1303      	BCF        STATUS, 6
0x0190	0x0086      	MOVWF      TRISB
;VendingMachine.c,377 :: 		OPTION_REG&=0X7F;   //ENABLE WEAK PULL UP resistors for he keypad
0x0191	0x307F      	MOVLW      127
0x0192	0x0581      	ANDWF      OPTION_REG, 1
;VendingMachine.c,378 :: 		}
L_end_keyinit:
0x0193	0x0008      	RETURN
; end of _keyinit
_LCD_String_xy:
;VendingMachine.c,322 :: 		function */
;VendingMachine.c,324 :: 		location=0;
0x0194	0x1283      	BCF        STATUS, 5
0x0195	0x1703      	BSF        STATUS, 6
0x0196	0x0191      	CLRF       _location
;VendingMachine.c,325 :: 		if(row<=1)
0x0197	0x081A      	MOVF       FARG_LCD_String_xy_row, 0
0x0198	0x3C01      	SUBLW      1
0x0199	0x1C03      	BTFSS      STATUS, 0
0x019A	0x29A5      	GOTO       L_LCD_String_xy60
;VendingMachine.c,327 :: 		location=(0x80) | ((pos) & 0x0f);  /*Print message on 1st row and desired location*/
0x019B	0x300F      	MOVLW      15
0x019C	0x051B      	ANDWF      FARG_LCD_String_xy_pos, 0
0x019D	0x00F0      	MOVWF      R0
0x019E	0x17F0      	BSF        R0, 7
0x019F	0x0870      	MOVF       R0, 0
0x01A0	0x0091      	MOVWF      _location
;VendingMachine.c,328 :: 		LCD_Command(location);
0x01A1	0x0870      	MOVF       R0, 0
0x01A2	0x009F      	MOVWF      FARG_LCD_command_cmnd
0x01A3	0x208C      	CALL       _LCD_command
;VendingMachine.c,329 :: 		}
0x01A4	0x29AF      	GOTO       L_LCD_String_xy61
L_LCD_String_xy60:
;VendingMachine.c,332 :: 		location=(0xC0) | ((pos) & 0x0f);  /*Print message on 2nd row and desired location*/
0x01A5	0x300F      	MOVLW      15
0x01A6	0x051B      	ANDWF      FARG_LCD_String_xy_pos, 0
0x01A7	0x00F0      	MOVWF      R0
0x01A8	0x30C0      	MOVLW      192
0x01A9	0x04F0      	IORWF      R0, 1
0x01AA	0x0870      	MOVF       R0, 0
0x01AB	0x0091      	MOVWF      _location
;VendingMachine.c,333 :: 		LCD_Command(location);
0x01AC	0x0870      	MOVF       R0, 0
0x01AD	0x009F      	MOVWF      FARG_LCD_command_cmnd
0x01AE	0x208C      	CALL       _LCD_command
;VendingMachine.c,334 :: 		}
L_LCD_String_xy61:
;VendingMachine.c,337 :: 		LCD_String(str);
0x01AF	0x081C      	MOVF       FARG_LCD_String_xy_str, 0
0x01B0	0x009F      	MOVWF      FARG_LCD_String_str
0x01B1	0x20C0      	CALL       _LCD_String
;VendingMachine.c,339 :: 		}
L_end_LCD_String_xy:
0x01B2	0x0008      	RETURN
; end of _LCD_String_xy
_LCD_Initialize:
;VendingMachine.c,295 :: 		void LCD_Initialize () /* LCD Initialize function */
;VendingMachine.c,297 :: 		LCD_Port = 0x00;       /*PORT as Output Port*/
0x01B3	0x1683      	BSF        STATUS, 5
0x01B4	0x1303      	BCF        STATUS, 6
0x01B5	0x0188      	CLRF       TRISD
;VendingMachine.c,298 :: 		delay_ms(20);        /*15ms,16x2 LCD Power on delay*/
0x01B6	0x3034      	MOVLW      52
0x01B7	0x00FC      	MOVWF      R12
0x01B8	0x30F1      	MOVLW      241
0x01B9	0x00FD      	MOVWF      R13
L_LCD_Initialize59:
0x01BA	0x0BFD      	DECFSZ     R13, 1
0x01BB	0x29BA      	GOTO       L_LCD_Initialize59
0x01BC	0x0BFC      	DECFSZ     R12, 1
0x01BD	0x29BA      	GOTO       L_LCD_Initialize59
0x01BE	0x0000      	NOP
0x01BF	0x0000      	NOP
;VendingMachine.c,300 :: 		for nibble (4-bit) mode */
0x01C0	0x3002      	MOVLW      2
0x01C1	0x1283      	BCF        STATUS, 5
0x01C2	0x1703      	BSF        STATUS, 6
0x01C3	0x009F      	MOVWF      FARG_LCD_command_cmnd
0x01C4	0x208C      	CALL       _LCD_command
;VendingMachine.c,302 :: 		initialize 5*8 matrix in (4-bit mode)*/
0x01C5	0x3028      	MOVLW      40
0x01C6	0x009F      	MOVWF      FARG_LCD_command_cmnd
0x01C7	0x208C      	CALL       _LCD_command
;VendingMachine.c,303 :: 		LCD_Command(0x01);  /*clear display screen*/
0x01C8	0x3001      	MOVLW      1
0x01C9	0x009F      	MOVWF      FARG_LCD_command_cmnd
0x01CA	0x208C      	CALL       _LCD_command
;VendingMachine.c,304 :: 		LCD_Command(0x0c);  /*display on cursor off*/
0x01CB	0x300C      	MOVLW      12
0x01CC	0x009F      	MOVWF      FARG_LCD_command_cmnd
0x01CD	0x208C      	CALL       _LCD_command
;VendingMachine.c,305 :: 		LCD_Command(0x06);  /*increment cursor (shift cursor to right)*/
0x01CE	0x3006      	MOVLW      6
0x01CF	0x009F      	MOVWF      FARG_LCD_command_cmnd
0x01D0	0x208C      	CALL       _LCD_command
;VendingMachine.c,306 :: 		}
L_end_LCD_Initialize:
0x01D1	0x0008      	RETURN
; end of _LCD_Initialize
_WordToStr:
;__Lib_Conversions.c,98 :: 		
;__Lib_Conversions.c,103 :: 		
0x01D2	0x1283      	BCF        STATUS, 5
0x01D3	0x1703      	BSF        STATUS, 6
0x01D4	0x019D      	CLRF       WordToStr_len_L0
L_WordToStr11:
0x01D5	0x3005      	MOVLW      5
0x01D6	0x021D      	SUBWF      WordToStr_len_L0, 0
0x01D7	0x1803      	BTFSC      STATUS, 0
0x01D8	0x29E0      	GOTO       L_WordToStr12
;__Lib_Conversions.c,104 :: 		
0x01D9	0x081D      	MOVF       WordToStr_len_L0, 0
0x01DA	0x071C      	ADDWF      FARG_WordToStr_output, 0
0x01DB	0x0084      	MOVWF      FSR
0x01DC	0x3020      	MOVLW      32
0x01DD	0x0080      	MOVWF      INDF
;__Lib_Conversions.c,103 :: 		
0x01DE	0x0A9D      	INCF       WordToStr_len_L0, 1
;__Lib_Conversions.c,104 :: 		
0x01DF	0x29D5      	GOTO       L_WordToStr11
L_WordToStr12:
;__Lib_Conversions.c,105 :: 		
0x01E0	0x081D      	MOVF       WordToStr_len_L0, 0
0x01E1	0x071C      	ADDWF      FARG_WordToStr_output, 0
0x01E2	0x0084      	MOVWF      FSR
0x01E3	0x0180      	CLRF       INDF
0x01E4	0x039D      	DECF       WordToStr_len_L0, 1
;__Lib_Conversions.c,107 :: 		
L_WordToStr14:
;__Lib_Conversions.c,108 :: 		
0x01E5	0x081D      	MOVF       WordToStr_len_L0, 0
0x01E6	0x071C      	ADDWF      FARG_WordToStr_output, 0
0x01E7	0x009E      	MOVWF      FLOC__WordToStr
0x01E8	0x300A      	MOVLW      10
0x01E9	0x00F4      	MOVWF      R4
0x01EA	0x01F5      	CLRF       R4+1
0x01EB	0x081A      	MOVF       FARG_WordToStr_input, 0
0x01EC	0x00F0      	MOVWF      R0
0x01ED	0x081B      	MOVF       FARG_WordToStr_input+1, 0
0x01EE	0x00F1      	MOVWF      R0+1
0x01EF	0x206F      	CALL       _Div_16X16_U
0x01F0	0x0878      	MOVF       R8, 0
0x01F1	0x00F0      	MOVWF      R0
0x01F2	0x0879      	MOVF       R8+1, 0
0x01F3	0x00F1      	MOVWF      R0+1
0x01F4	0x3030      	MOVLW      48
0x01F5	0x07F0      	ADDWF      R0, 1
0x01F6	0x1703      	BSF        STATUS, 6
0x01F7	0x081E      	MOVF       FLOC__WordToStr, 0
0x01F8	0x0084      	MOVWF      FSR
0x01F9	0x0870      	MOVF       R0, 0
0x01FA	0x0080      	MOVWF      INDF
;__Lib_Conversions.c,109 :: 		
0x01FB	0x300A      	MOVLW      10
0x01FC	0x00F4      	MOVWF      R4
0x01FD	0x01F5      	CLRF       R4+1
0x01FE	0x081A      	MOVF       FARG_WordToStr_input, 0
0x01FF	0x00F0      	MOVWF      R0
0x0200	0x081B      	MOVF       FARG_WordToStr_input+1, 0
0x0201	0x00F1      	MOVWF      R0+1
0x0202	0x206F      	CALL       _Div_16X16_U
0x0203	0x0870      	MOVF       R0, 0
0x0204	0x1703      	BSF        STATUS, 6
0x0205	0x009A      	MOVWF      FARG_WordToStr_input
0x0206	0x0871      	MOVF       R0+1, 0
0x0207	0x009B      	MOVWF      FARG_WordToStr_input+1
;__Lib_Conversions.c,110 :: 		
0x0208	0x3000      	MOVLW      0
0x0209	0x0671      	XORWF      R0+1, 0
0x020A	0x1D03      	BTFSS      STATUS, 2
0x020B	0x2A0E      	GOTO       L__WordToStr379
0x020C	0x3000      	MOVLW      0
0x020D	0x0670      	XORWF      R0, 0
L__WordToStr379:
0x020E	0x1D03      	BTFSS      STATUS, 2
0x020F	0x2A11      	GOTO       L_WordToStr16
;__Lib_Conversions.c,111 :: 		
0x0210	0x2A13      	GOTO       L_WordToStr15
L_WordToStr16:
;__Lib_Conversions.c,112 :: 		
0x0211	0x039D      	DECF       WordToStr_len_L0, 1
;__Lib_Conversions.c,113 :: 		
0x0212	0x29E5      	GOTO       L_WordToStr14
L_WordToStr15:
;__Lib_Conversions.c,114 :: 		
L_end_WordToStr:
0x0213	0x0008      	RETURN
; end of _WordToStr
_full_drive:
;VendingMachine.c,435 :: 		void full_drive (unsigned char direction,unsigned int Wmot){
;VendingMachine.c,436 :: 		if(Wmot==1)
0x0214	0x3000      	MOVLW      0
0x0215	0x1283      	BCF        STATUS, 5
0x0216	0x1703      	BSF        STATUS, 6
0x0217	0x061C      	XORWF      FARG_full_drive_Wmot+1, 0
0x0218	0x1D03      	BTFSS      STATUS, 2
0x0219	0x2A1C      	GOTO       L__full_drive147
0x021A	0x3001      	MOVLW      1
0x021B	0x061B      	XORWF      FARG_full_drive_Wmot, 0
L__full_drive147:
0x021C	0x1D03      	BTFSS      STATUS, 2
0x021D	0x2A50      	GOTO       L_full_drive95
;VendingMachine.c,438 :: 		if (direction == clockwise){
0x021E	0x081A      	MOVF       FARG_full_drive_direction, 0
0x021F	0x3A00      	XORLW      0
0x0220	0x1D03      	BTFSS      STATUS, 2
0x0221	0x2A4F      	GOTO       L_full_drive96
;VendingMachine.c,440 :: 		PORTA = 0b00001001;
0x0222	0x3009      	MOVLW      9
0x0223	0x1303      	BCF        STATUS, 6
0x0224	0x0085      	MOVWF      PORTA
;VendingMachine.c,442 :: 		MSdelay(speed);
0x0225	0x3002      	MOVLW      2
0x0226	0x1703      	BSF        STATUS, 6
0x0227	0x00A1      	MOVWF      FARG_MSdelay_val
0x0228	0x3000      	MOVLW      0
0x0229	0x00A2      	MOVWF      FARG_MSdelay_val+1
0x022A	0x2003      	CALL       _MSdelay
;VendingMachine.c,444 :: 		PORTA = 0b00001100;
0x022B	0x300C      	MOVLW      12
0x022C	0x1303      	BCF        STATUS, 6
0x022D	0x0085      	MOVWF      PORTA
;VendingMachine.c,446 :: 		MSdelay(speed);
0x022E	0x3002      	MOVLW      2
0x022F	0x1703      	BSF        STATUS, 6
0x0230	0x00A1      	MOVWF      FARG_MSdelay_val
0x0231	0x3000      	MOVLW      0
0x0232	0x00A2      	MOVWF      FARG_MSdelay_val+1
0x0233	0x2003      	CALL       _MSdelay
;VendingMachine.c,448 :: 		PORTA = 0b00000110;
0x0234	0x3006      	MOVLW      6
0x0235	0x1303      	BCF        STATUS, 6
0x0236	0x0085      	MOVWF      PORTA
;VendingMachine.c,450 :: 		MSdelay(speed);
0x0237	0x3002      	MOVLW      2
0x0238	0x1703      	BSF        STATUS, 6
0x0239	0x00A1      	MOVWF      FARG_MSdelay_val
0x023A	0x3000      	MOVLW      0
0x023B	0x00A2      	MOVWF      FARG_MSdelay_val+1
0x023C	0x2003      	CALL       _MSdelay
;VendingMachine.c,452 :: 		PORTA = 0b00000011;
0x023D	0x3003      	MOVLW      3
0x023E	0x1303      	BCF        STATUS, 6
0x023F	0x0085      	MOVWF      PORTA
;VendingMachine.c,454 :: 		MSdelay(speed);
0x0240	0x3002      	MOVLW      2
0x0241	0x1703      	BSF        STATUS, 6
0x0242	0x00A1      	MOVWF      FARG_MSdelay_val
0x0243	0x3000      	MOVLW      0
0x0244	0x00A2      	MOVWF      FARG_MSdelay_val+1
0x0245	0x2003      	CALL       _MSdelay
;VendingMachine.c,456 :: 		PORTA = 0b00001001;
0x0246	0x3009      	MOVLW      9
0x0247	0x1303      	BCF        STATUS, 6
0x0248	0x0085      	MOVWF      PORTA
;VendingMachine.c,458 :: 		MSdelay(speed);
0x0249	0x3002      	MOVLW      2
0x024A	0x1703      	BSF        STATUS, 6
0x024B	0x00A1      	MOVWF      FARG_MSdelay_val
0x024C	0x3000      	MOVLW      0
0x024D	0x00A2      	MOVWF      FARG_MSdelay_val+1
0x024E	0x2003      	CALL       _MSdelay
;VendingMachine.c,460 :: 		}
L_full_drive96:
;VendingMachine.c,461 :: 		}
0x024F	0x2AC3      	GOTO       L_full_drive97
L_full_drive95:
;VendingMachine.c,462 :: 		else if(Wmot==2)
0x0250	0x3000      	MOVLW      0
0x0251	0x061C      	XORWF      FARG_full_drive_Wmot+1, 0
0x0252	0x1D03      	BTFSS      STATUS, 2
0x0253	0x2A56      	GOTO       L__full_drive148
0x0254	0x3002      	MOVLW      2
0x0255	0x061B      	XORWF      FARG_full_drive_Wmot, 0
L__full_drive148:
0x0256	0x1D03      	BTFSS      STATUS, 2
0x0257	0x2A8A      	GOTO       L_full_drive98
;VendingMachine.c,464 :: 		if (direction == clockwise){
0x0258	0x081A      	MOVF       FARG_full_drive_direction, 0
0x0259	0x3A00      	XORLW      0
0x025A	0x1D03      	BTFSS      STATUS, 2
0x025B	0x2A89      	GOTO       L_full_drive99
;VendingMachine.c,466 :: 		PORTC = 0b10010000;
0x025C	0x3090      	MOVLW      144
0x025D	0x1303      	BCF        STATUS, 6
0x025E	0x0087      	MOVWF      PORTC
;VendingMachine.c,468 :: 		MSdelay(speed);
0x025F	0x3002      	MOVLW      2
0x0260	0x1703      	BSF        STATUS, 6
0x0261	0x00A1      	MOVWF      FARG_MSdelay_val
0x0262	0x3000      	MOVLW      0
0x0263	0x00A2      	MOVWF      FARG_MSdelay_val+1
0x0264	0x2003      	CALL       _MSdelay
;VendingMachine.c,470 :: 		PORTC = 0b11000000;
0x0265	0x30C0      	MOVLW      192
0x0266	0x1303      	BCF        STATUS, 6
0x0267	0x0087      	MOVWF      PORTC
;VendingMachine.c,472 :: 		MSdelay(speed);
0x0268	0x3002      	MOVLW      2
0x0269	0x1703      	BSF        STATUS, 6
0x026A	0x00A1      	MOVWF      FARG_MSdelay_val
0x026B	0x3000      	MOVLW      0
0x026C	0x00A2      	MOVWF      FARG_MSdelay_val+1
0x026D	0x2003      	CALL       _MSdelay
;VendingMachine.c,474 :: 		PORTC = 0b01100000;
0x026E	0x3060      	MOVLW      96
0x026F	0x1303      	BCF        STATUS, 6
0x0270	0x0087      	MOVWF      PORTC
;VendingMachine.c,476 :: 		MSdelay(speed);
0x0271	0x3002      	MOVLW      2
0x0272	0x1703      	BSF        STATUS, 6
0x0273	0x00A1      	MOVWF      FARG_MSdelay_val
0x0274	0x3000      	MOVLW      0
0x0275	0x00A2      	MOVWF      FARG_MSdelay_val+1
0x0276	0x2003      	CALL       _MSdelay
;VendingMachine.c,478 :: 		PORTC = 0b00110000;
0x0277	0x3030      	MOVLW      48
0x0278	0x1303      	BCF        STATUS, 6
0x0279	0x0087      	MOVWF      PORTC
;VendingMachine.c,480 :: 		MSdelay(speed);
0x027A	0x3002      	MOVLW      2
0x027B	0x1703      	BSF        STATUS, 6
0x027C	0x00A1      	MOVWF      FARG_MSdelay_val
0x027D	0x3000      	MOVLW      0
0x027E	0x00A2      	MOVWF      FARG_MSdelay_val+1
0x027F	0x2003      	CALL       _MSdelay
;VendingMachine.c,482 :: 		PORTC = 0b10010000;
0x0280	0x3090      	MOVLW      144
0x0281	0x1303      	BCF        STATUS, 6
0x0282	0x0087      	MOVWF      PORTC
;VendingMachine.c,484 :: 		MSdelay(speed);
0x0283	0x3002      	MOVLW      2
0x0284	0x1703      	BSF        STATUS, 6
0x0285	0x00A1      	MOVWF      FARG_MSdelay_val
0x0286	0x3000      	MOVLW      0
0x0287	0x00A2      	MOVWF      FARG_MSdelay_val+1
0x0288	0x2003      	CALL       _MSdelay
;VendingMachine.c,486 :: 		}
L_full_drive99:
;VendingMachine.c,487 :: 		}
0x0289	0x2AC3      	GOTO       L_full_drive100
L_full_drive98:
;VendingMachine.c,488 :: 		else if(Wmot==3)
0x028A	0x3000      	MOVLW      0
0x028B	0x061C      	XORWF      FARG_full_drive_Wmot+1, 0
0x028C	0x1D03      	BTFSS      STATUS, 2
0x028D	0x2A90      	GOTO       L__full_drive149
0x028E	0x3003      	MOVLW      3
0x028F	0x061B      	XORWF      FARG_full_drive_Wmot, 0
L__full_drive149:
0x0290	0x1D03      	BTFSS      STATUS, 2
0x0291	0x2AC3      	GOTO       L_full_drive101
;VendingMachine.c,490 :: 		if (direction == clockwise){
0x0292	0x081A      	MOVF       FARG_full_drive_direction, 0
0x0293	0x3A00      	XORLW      0
0x0294	0x1D03      	BTFSS      STATUS, 2
0x0295	0x2AC3      	GOTO       L_full_drive102
;VendingMachine.c,492 :: 		PORTC = 0b00001001;
0x0296	0x3009      	MOVLW      9
0x0297	0x1303      	BCF        STATUS, 6
0x0298	0x0087      	MOVWF      PORTC
;VendingMachine.c,494 :: 		MSdelay(speed);
0x0299	0x3002      	MOVLW      2
0x029A	0x1703      	BSF        STATUS, 6
0x029B	0x00A1      	MOVWF      FARG_MSdelay_val
0x029C	0x3000      	MOVLW      0
0x029D	0x00A2      	MOVWF      FARG_MSdelay_val+1
0x029E	0x2003      	CALL       _MSdelay
;VendingMachine.c,496 :: 		PORTC = 0b00001100;
0x029F	0x300C      	MOVLW      12
0x02A0	0x1303      	BCF        STATUS, 6
0x02A1	0x0087      	MOVWF      PORTC
;VendingMachine.c,498 :: 		MSdelay(speed);
0x02A2	0x3002      	MOVLW      2
0x02A3	0x1703      	BSF        STATUS, 6
0x02A4	0x00A1      	MOVWF      FARG_MSdelay_val
0x02A5	0x3000      	MOVLW      0
0x02A6	0x00A2      	MOVWF      FARG_MSdelay_val+1
0x02A7	0x2003      	CALL       _MSdelay
;VendingMachine.c,500 :: 		PORTC = 0b00000110;
0x02A8	0x3006      	MOVLW      6
0x02A9	0x1303      	BCF        STATUS, 6
0x02AA	0x0087      	MOVWF      PORTC
;VendingMachine.c,502 :: 		MSdelay(speed);
0x02AB	0x3002      	MOVLW      2
0x02AC	0x1703      	BSF        STATUS, 6
0x02AD	0x00A1      	MOVWF      FARG_MSdelay_val
0x02AE	0x3000      	MOVLW      0
0x02AF	0x00A2      	MOVWF      FARG_MSdelay_val+1
0x02B0	0x2003      	CALL       _MSdelay
;VendingMachine.c,504 :: 		PORTC = 0b00000011;
0x02B1	0x3003      	MOVLW      3
0x02B2	0x1303      	BCF        STATUS, 6
0x02B3	0x0087      	MOVWF      PORTC
;VendingMachine.c,506 :: 		MSdelay(speed);
0x02B4	0x3002      	MOVLW      2
0x02B5	0x1703      	BSF        STATUS, 6
0x02B6	0x00A1      	MOVWF      FARG_MSdelay_val
0x02B7	0x3000      	MOVLW      0
0x02B8	0x00A2      	MOVWF      FARG_MSdelay_val+1
0x02B9	0x2003      	CALL       _MSdelay
;VendingMachine.c,508 :: 		PORTC = 0b00001001;
0x02BA	0x3009      	MOVLW      9
0x02BB	0x1303      	BCF        STATUS, 6
0x02BC	0x0087      	MOVWF      PORTC
;VendingMachine.c,510 :: 		MSdelay(speed);
0x02BD	0x3002      	MOVLW      2
0x02BE	0x1703      	BSF        STATUS, 6
0x02BF	0x00A1      	MOVWF      FARG_MSdelay_val
0x02C0	0x3000      	MOVLW      0
0x02C1	0x00A2      	MOVWF      FARG_MSdelay_val+1
0x02C2	0x2003      	CALL       _MSdelay
;VendingMachine.c,512 :: 		}
L_full_drive102:
;VendingMachine.c,513 :: 		}
L_full_drive101:
L_full_drive100:
L_full_drive97:
;VendingMachine.c,516 :: 		}
L_end_full_drive:
0x02C3	0x0008      	RETURN
; end of _full_drive
___CC2DW:
;__Lib_System.c,134 :: 		
;__Lib_System.c,137 :: 		
_CC2D_Loop1:
;__Lib_System.c,139 :: 		
0x02C4	0x20D0      	CALL       _____DoICP
0x02C5	0x118A      	BCF        PCLATH, 3
0x02C6	0x120A      	BCF        PCLATH, 4
;__Lib_System.c,141 :: 		
0x02C7	0x0080      	MOVWF      INDF
;__Lib_System.c,142 :: 		
0x02C8	0x0A84      	INCF       FSR, 1
;__Lib_System.c,143 :: 		
0x02C9	0x0A94      	INCF       ___DoICPAddr, 1
;__Lib_System.c,145 :: 		
0x02CA	0x1903      	BTFSC      STATUS, 2
;__Lib_System.c,146 :: 		
0x02CB	0x0A95      	INCF       ___DoICPAddr+1, 1
;__Lib_System.c,147 :: 		
0x02CC	0x03F0      	DECF       R0, 1
;__Lib_System.c,149 :: 		
0x02CD	0x1D03      	BTFSS      STATUS, 2
;__Lib_System.c,150 :: 		
0x02CE	0x2AC4      	GOTO       _CC2D_Loop1
;__Lib_System.c,152 :: 		
L_end___CC2DW:
0x02CF	0x0008      	RETURN
; end of ___CC2DW
_main:
0x02D0	0x264C      	CALL       1612
;VendingMachine.c,79 :: 		void main() {
;VendingMachine.c,83 :: 		mstep=0;
0x02D1	0x1283      	BCF        STATUS, 5
0x02D2	0x1703      	BSF        STATUS, 6
0x02D3	0x0192      	CLRF       _mstep
0x02D4	0x0193      	CLRF       _mstep+1
;VendingMachine.c,85 :: 		ADCON1 = 0x06; // To turn off analog to digital converters (Make all digital)
0x02D5	0x3006      	MOVLW      6
0x02D6	0x1683      	BSF        STATUS, 5
0x02D7	0x1303      	BCF        STATUS, 6
0x02D8	0x009F      	MOVWF      ADCON1
;VendingMachine.c,86 :: 		TRISC = 0x00; // PORT C as output port
0x02D9	0x0187      	CLRF       TRISC
;VendingMachine.c,87 :: 		PORTC = 0xFF;// For 2 Stepper motors
0x02DA	0x30FF      	MOVLW      255
0x02DB	0x1283      	BCF        STATUS, 5
0x02DC	0x0087      	MOVWF      PORTC
;VendingMachine.c,88 :: 		TRISA = 0x00; // PORT A as output port
0x02DD	0x1683      	BSF        STATUS, 5
0x02DE	0x0185      	CLRF       TRISA
;VendingMachine.c,89 :: 		PORTA = 0x0F; // For 1 Stepper motors
0x02DF	0x300F      	MOVLW      15
0x02E0	0x1283      	BCF        STATUS, 5
0x02E1	0x0085      	MOVWF      PORTA
;VendingMachine.c,93 :: 		TRISE = TRISE | 0x03;
0x02E2	0x3003      	MOVLW      3
0x02E3	0x1683      	BSF        STATUS, 5
0x02E4	0x0489      	IORWF      TRISE, 1
;VendingMachine.c,97 :: 		LCD_Initialize();
0x02E5	0x21B3      	CALL       _LCD_Initialize
;VendingMachine.c,100 :: 		keyinit();
0x02E6	0x218D      	CALL       _keyinit
;VendingMachine.c,102 :: 		while(1)
L_main0:
;VendingMachine.c,104 :: 		LCD_String_xy(2,0,"Credit:");
0x02E7	0x3002      	MOVLW      2
0x02E8	0x1283      	BCF        STATUS, 5
0x02E9	0x1703      	BSF        STATUS, 6
0x02EA	0x009A      	MOVWF      FARG_LCD_String_xy_row
0x02EB	0x019B      	CLRF       FARG_LCD_String_xy_pos
0x02EC	0x30C1      	MOVLW      ?lstr1_VendingMachine
0x02ED	0x009C      	MOVWF      FARG_LCD_String_xy_str
0x02EE	0x2194      	CALL       _LCD_String_xy
;VendingMachine.c,105 :: 		if(bal==0)
0x02EF	0x3000      	MOVLW      0
0x02F0	0x1683      	BSF        STATUS, 5
0x02F1	0x1303      	BCF        STATUS, 6
0x02F2	0x0640      	XORWF      _bal+1, 0
0x02F3	0x1D03      	BTFSS      STATUS, 2
0x02F4	0x2AF7      	GOTO       L__main124
0x02F5	0x3000      	MOVLW      0
0x02F6	0x063F      	XORWF      _bal, 0
L__main124:
0x02F7	0x1D03      	BTFSS      STATUS, 2
0x02F8	0x2B0B      	GOTO       L_main2
;VendingMachine.c,106 :: 		{LCD_char(' ');
0x02F9	0x3020      	MOVLW      32
0x02FA	0x1283      	BCF        STATUS, 5
0x02FB	0x1703      	BSF        STATUS, 6
0x02FC	0x00A0      	MOVWF      FARG_LCD_Char_chardata
0x02FD	0x2022      	CALL       _LCD_Char
;VendingMachine.c,107 :: 		LCD_char(' ');
0x02FE	0x3020      	MOVLW      32
0x02FF	0x00A0      	MOVWF      FARG_LCD_Char_chardata
0x0300	0x2022      	CALL       _LCD_Char
;VendingMachine.c,108 :: 		LCD_char(' ');
0x0301	0x3020      	MOVLW      32
0x0302	0x00A0      	MOVWF      FARG_LCD_Char_chardata
0x0303	0x2022      	CALL       _LCD_Char
;VendingMachine.c,109 :: 		LCD_char(' ');
0x0304	0x3020      	MOVLW      32
0x0305	0x00A0      	MOVWF      FARG_LCD_Char_chardata
0x0306	0x2022      	CALL       _LCD_Char
;VendingMachine.c,110 :: 		LCD_char('0');}
0x0307	0x3030      	MOVLW      48
0x0308	0x00A0      	MOVWF      FARG_LCD_Char_chardata
0x0309	0x2022      	CALL       _LCD_Char
0x030A	0x2B21      	GOTO       L_main3
L_main2:
;VendingMachine.c,112 :: 		{WordToStr(bal,balval);
0x030B	0x1683      	BSF        STATUS, 5
0x030C	0x1303      	BCF        STATUS, 6
0x030D	0x083F      	MOVF       _bal, 0
0x030E	0x1283      	BCF        STATUS, 5
0x030F	0x1703      	BSF        STATUS, 6
0x0310	0x009A      	MOVWF      FARG_WordToStr_input
0x0311	0x1683      	BSF        STATUS, 5
0x0312	0x1303      	BCF        STATUS, 6
0x0313	0x0840      	MOVF       _bal+1, 0
0x0314	0x1283      	BCF        STATUS, 5
0x0315	0x1703      	BSF        STATUS, 6
0x0316	0x009B      	MOVWF      FARG_WordToStr_input+1
0x0317	0x30EA      	MOVLW      _balval
0x0318	0x009C      	MOVWF      FARG_WordToStr_output
0x0319	0x21D2      	CALL       _WordToStr
;VendingMachine.c,113 :: 		LCD_String_xy(2,7,balval);}
0x031A	0x3002      	MOVLW      2
0x031B	0x009A      	MOVWF      FARG_LCD_String_xy_row
0x031C	0x3007      	MOVLW      7
0x031D	0x009B      	MOVWF      FARG_LCD_String_xy_pos
0x031E	0x30EA      	MOVLW      _balval
0x031F	0x009C      	MOVWF      FARG_LCD_String_xy_str
0x0320	0x2194      	CALL       _LCD_String_xy
L_main3:
;VendingMachine.c,114 :: 		LCD_String_xy(1,0,"Select(1,2,3):");//Start from pos 14
0x0321	0x3001      	MOVLW      1
0x0322	0x009A      	MOVWF      FARG_LCD_String_xy_row
0x0323	0x019B      	CLRF       FARG_LCD_String_xy_pos
0x0324	0x30AE      	MOVLW      ?lstr2_VendingMachine
0x0325	0x009C      	MOVWF      FARG_LCD_String_xy_str
0x0326	0x2194      	CALL       _LCD_String_xy
;VendingMachine.c,115 :: 		LCD_command(0x0F);//Cursor Blinking
0x0327	0x300F      	MOVLW      15
0x0328	0x009F      	MOVWF      FARG_LCD_command_cmnd
0x0329	0x208C      	CALL       _LCD_command
;VendingMachine.c,116 :: 		while(C1&&C2&&C3)
L_main4:
0x032A	0x1283      	BCF        STATUS, 5
0x032B	0x1703      	BSF        STATUS, 6
0x032C	0x1E06      	BTFSS      RB4_bit, BitPos(RB4_bit+0)
0x032D	0x2BA8      	GOTO       L_main5
0x032E	0x1E86      	BTFSS      RB5_bit, BitPos(RB5_bit+0)
0x032F	0x2BA8      	GOTO       L_main5
0x0330	0x1F06      	BTFSS      RB6_bit, BitPos(RB6_bit+0)
0x0331	0x2BA8      	GOTO       L_main5
L__main113:
;VendingMachine.c,118 :: 		if(IR1==0)
0x0332	0x1303      	BCF        STATUS, 6
0x0333	0x1889      	BTFSC      PORTE, 1
0x0334	0x2B69      	GOTO       L_main8
;VendingMachine.c,120 :: 		bal=bal+5;
0x0335	0x3005      	MOVLW      5
0x0336	0x1683      	BSF        STATUS, 5
0x0337	0x073F      	ADDWF      _bal, 0
0x0338	0x00F0      	MOVWF      R0
0x0339	0x0840      	MOVF       _bal+1, 0
0x033A	0x1803      	BTFSC      STATUS, 0
0x033B	0x3E01      	ADDLW      1
0x033C	0x00F1      	MOVWF      R0+1
0x033D	0x0870      	MOVF       R0, 0
0x033E	0x00BF      	MOVWF      _bal
0x033F	0x0871      	MOVF       R0+1, 0
0x0340	0x00C0      	MOVWF      _bal+1
;VendingMachine.c,121 :: 		WordToStr(bal,balval);
0x0341	0x0870      	MOVF       R0, 0
0x0342	0x1283      	BCF        STATUS, 5
0x0343	0x1703      	BSF        STATUS, 6
0x0344	0x009A      	MOVWF      FARG_WordToStr_input
0x0345	0x0871      	MOVF       R0+1, 0
0x0346	0x009B      	MOVWF      FARG_WordToStr_input+1
0x0347	0x30EA      	MOVLW      _balval
0x0348	0x009C      	MOVWF      FARG_WordToStr_output
0x0349	0x21D2      	CALL       _WordToStr
;VendingMachine.c,122 :: 		LCD_String_xy(2,7,balval);
0x034A	0x3002      	MOVLW      2
0x034B	0x009A      	MOVWF      FARG_LCD_String_xy_row
0x034C	0x3007      	MOVLW      7
0x034D	0x009B      	MOVWF      FARG_LCD_String_xy_pos
0x034E	0x30EA      	MOVLW      _balval
0x034F	0x009C      	MOVWF      FARG_LCD_String_xy_str
0x0350	0x2194      	CALL       _LCD_String_xy
;VendingMachine.c,123 :: 		LCD_String_xy(1,13,":");//For cursor
0x0351	0x3001      	MOVLW      1
0x0352	0x009A      	MOVWF      FARG_LCD_String_xy_row
0x0353	0x300D      	MOVLW      13
0x0354	0x009B      	MOVWF      FARG_LCD_String_xy_pos
0x0355	0x30BD      	MOVLW      ?lstr3_VendingMachine
0x0356	0x009C      	MOVWF      FARG_LCD_String_xy_str
0x0357	0x2194      	CALL       _LCD_String_xy
;VendingMachine.c,124 :: 		read=1;
0x0358	0x3001      	MOVLW      1
0x0359	0x1683      	BSF        STATUS, 5
0x035A	0x1303      	BCF        STATUS, 6
0x035B	0x00C9      	MOVWF      _read
0x035C	0x3000      	MOVLW      0
0x035D	0x00CA      	MOVWF      _read+1
;VendingMachine.c,127 :: 		MSdelay(1000);
0x035E	0x30E8      	MOVLW      232
0x035F	0x1283      	BCF        STATUS, 5
0x0360	0x1703      	BSF        STATUS, 6
0x0361	0x00A1      	MOVWF      FARG_MSdelay_val
0x0362	0x3003      	MOVLW      3
0x0363	0x00A2      	MOVWF      FARG_MSdelay_val+1
0x0364	0x2003      	CALL       _MSdelay
;VendingMachine.c,128 :: 		read=0;
0x0365	0x1683      	BSF        STATUS, 5
0x0366	0x1303      	BCF        STATUS, 6
0x0367	0x01C9      	CLRF       _read
0x0368	0x01CA      	CLRF       _read+1
;VendingMachine.c,130 :: 		}
L_main8:
;VendingMachine.c,132 :: 		if(IR2==0)
0x0369	0x1283      	BCF        STATUS, 5
0x036A	0x1809      	BTFSC      PORTE, 0
0x036B	0x2BA7      	GOTO       L_main10
;VendingMachine.c,134 :: 		MSdelay(600);
0x036C	0x3058      	MOVLW      88
0x036D	0x1703      	BSF        STATUS, 6
0x036E	0x00A1      	MOVWF      FARG_MSdelay_val
0x036F	0x3002      	MOVLW      2
0x0370	0x00A2      	MOVWF      FARG_MSdelay_val+1
0x0371	0x2003      	CALL       _MSdelay
;VendingMachine.c,135 :: 		bal=bal+50;
0x0372	0x3032      	MOVLW      50
0x0373	0x1683      	BSF        STATUS, 5
0x0374	0x1303      	BCF        STATUS, 6
0x0375	0x073F      	ADDWF      _bal, 0
0x0376	0x00F0      	MOVWF      R0
0x0377	0x0840      	MOVF       _bal+1, 0
0x0378	0x1803      	BTFSC      STATUS, 0
0x0379	0x3E01      	ADDLW      1
0x037A	0x00F1      	MOVWF      R0+1
0x037B	0x0870      	MOVF       R0, 0
0x037C	0x00BF      	MOVWF      _bal
0x037D	0x0871      	MOVF       R0+1, 0
0x037E	0x00C0      	MOVWF      _bal+1
;VendingMachine.c,136 :: 		WordToStr(bal,balval);
0x037F	0x0870      	MOVF       R0, 0
0x0380	0x1283      	BCF        STATUS, 5
0x0381	0x1703      	BSF        STATUS, 6
0x0382	0x009A      	MOVWF      FARG_WordToStr_input
0x0383	0x0871      	MOVF       R0+1, 0
0x0384	0x009B      	MOVWF      FARG_WordToStr_input+1
0x0385	0x30EA      	MOVLW      _balval
0x0386	0x009C      	MOVWF      FARG_WordToStr_output
0x0387	0x21D2      	CALL       _WordToStr
;VendingMachine.c,137 :: 		LCD_String_xy(2,7,balval);
0x0388	0x3002      	MOVLW      2
0x0389	0x009A      	MOVWF      FARG_LCD_String_xy_row
0x038A	0x3007      	MOVLW      7
0x038B	0x009B      	MOVWF      FARG_LCD_String_xy_pos
0x038C	0x30EA      	MOVLW      _balval
0x038D	0x009C      	MOVWF      FARG_LCD_String_xy_str
0x038E	0x2194      	CALL       _LCD_String_xy
;VendingMachine.c,138 :: 		LCD_String_xy(1,13,":");//For cursor
0x038F	0x3001      	MOVLW      1
0x0390	0x009A      	MOVWF      FARG_LCD_String_xy_row
0x0391	0x300D      	MOVLW      13
0x0392	0x009B      	MOVWF      FARG_LCD_String_xy_pos
0x0393	0x30D7      	MOVLW      ?lstr4_VendingMachine
0x0394	0x009C      	MOVWF      FARG_LCD_String_xy_str
0x0395	0x2194      	CALL       _LCD_String_xy
;VendingMachine.c,139 :: 		read=1;
0x0396	0x3001      	MOVLW      1
0x0397	0x1683      	BSF        STATUS, 5
0x0398	0x1303      	BCF        STATUS, 6
0x0399	0x00C9      	MOVWF      _read
0x039A	0x3000      	MOVLW      0
0x039B	0x00CA      	MOVWF      _read+1
;VendingMachine.c,142 :: 		MSdelay(1000);
0x039C	0x30E8      	MOVLW      232
0x039D	0x1283      	BCF        STATUS, 5
0x039E	0x1703      	BSF        STATUS, 6
0x039F	0x00A1      	MOVWF      FARG_MSdelay_val
0x03A0	0x3003      	MOVLW      3
0x03A1	0x00A2      	MOVWF      FARG_MSdelay_val+1
0x03A2	0x2003      	CALL       _MSdelay
;VendingMachine.c,143 :: 		read=0;
0x03A3	0x1683      	BSF        STATUS, 5
0x03A4	0x1303      	BCF        STATUS, 6
0x03A5	0x01C9      	CLRF       _read
0x03A6	0x01CA      	CLRF       _read+1
;VendingMachine.c,145 :: 		}
L_main10:
;VendingMachine.c,148 :: 		}
0x03A7	0x2B2A      	GOTO       L_main4
L_main5:
;VendingMachine.c,149 :: 		Sel=key();
0x03A8	0x20D7      	CALL       _key
0x03A9	0x0870      	MOVF       R0, 0
0x03AA	0x1683      	BSF        STATUS, 5
0x03AB	0x1303      	BCF        STATUS, 6
0x03AC	0x00E8      	MOVWF      _Sel
;VendingMachine.c,152 :: 		if(Sel=='1'||Sel=='2'||Sel=='3'||Sel=='*')
0x03AD	0x0870      	MOVF       R0, 0
0x03AE	0x3A31      	XORLW      49
0x03AF	0x1903      	BTFSC      STATUS, 2
0x03B0	0x2BBE      	GOTO       L__main112
0x03B1	0x0868      	MOVF       _Sel, 0
0x03B2	0x3A32      	XORLW      50
0x03B3	0x1903      	BTFSC      STATUS, 2
0x03B4	0x2BBE      	GOTO       L__main112
0x03B5	0x0868      	MOVF       _Sel, 0
0x03B6	0x3A33      	XORLW      51
0x03B7	0x1903      	BTFSC      STATUS, 2
0x03B8	0x2BBE      	GOTO       L__main112
0x03B9	0x0868      	MOVF       _Sel, 0
0x03BA	0x3A2A      	XORLW      42
0x03BB	0x1903      	BTFSC      STATUS, 2
0x03BC	0x2BBE      	GOTO       L__main112
0x03BD	0x2BCE      	GOTO       L_main14
L__main112:
;VendingMachine.c,154 :: 		LCD_String_xy(1,13,":");//Move cursor back to select
0x03BE	0x3001      	MOVLW      1
0x03BF	0x1283      	BCF        STATUS, 5
0x03C0	0x1703      	BSF        STATUS, 6
0x03C1	0x009A      	MOVWF      FARG_LCD_String_xy_row
0x03C2	0x300D      	MOVLW      13
0x03C3	0x009B      	MOVWF      FARG_LCD_String_xy_pos
0x03C4	0x3035      	MOVLW      ?lstr5_VendingMachine
0x03C5	0x009C      	MOVWF      FARG_LCD_String_xy_str
0x03C6	0x2194      	CALL       _LCD_String_xy
;VendingMachine.c,155 :: 		LCD_Char(Sel); // Display value on Keypad
0x03C7	0x1683      	BSF        STATUS, 5
0x03C8	0x1303      	BCF        STATUS, 6
0x03C9	0x0868      	MOVF       _Sel, 0
0x03CA	0x1283      	BCF        STATUS, 5
0x03CB	0x1703      	BSF        STATUS, 6
0x03CC	0x00A0      	MOVWF      FARG_LCD_Char_chardata
0x03CD	0x2022      	CALL       _LCD_Char
;VendingMachine.c,156 :: 		}
L_main14:
;VendingMachine.c,158 :: 		if(sel=='1')//Item 1
0x03CE	0x1683      	BSF        STATUS, 5
0x03CF	0x1303      	BCF        STATUS, 6
0x03D0	0x0868      	MOVF       _Sel, 0
0x03D1	0x3A31      	XORLW      49
0x03D2	0x1D03      	BTFSS      STATUS, 2
0x03D3	0x2C6C      	GOTO       L_main15
;VendingMachine.c,160 :: 		LCD_command(0x0C);//Cursor off
0x03D4	0x300C      	MOVLW      12
0x03D5	0x1283      	BCF        STATUS, 5
0x03D6	0x1703      	BSF        STATUS, 6
0x03D7	0x009F      	MOVWF      FARG_LCD_command_cmnd
0x03D8	0x208C      	CALL       _LCD_command
;VendingMachine.c,161 :: 		MSdelay(500);
0x03D9	0x30F4      	MOVLW      244
0x03DA	0x00A1      	MOVWF      FARG_MSdelay_val
0x03DB	0x3001      	MOVLW      1
0x03DC	0x00A2      	MOVWF      FARG_MSdelay_val+1
0x03DD	0x2003      	CALL       _MSdelay
;VendingMachine.c,162 :: 		LCD_clear();
0x03DE	0x2182      	CALL       _LCD_Clear
;VendingMachine.c,164 :: 		while(1)
L_main16:
0x03DF	0x1283      	BCF        STATUS, 5
0x03E0	0x1703      	BSF        STATUS, 6
;VendingMachine.c,166 :: 		LCD_String_xy(1,0,"Item1: 5Fils");
0x03E1	0x3001      	MOVLW      1
0x03E2	0x009A      	MOVWF      FARG_LCD_String_xy_row
0x03E3	0x019B      	CLRF       FARG_LCD_String_xy_pos
0x03E4	0x3028      	MOVLW      ?lstr6_VendingMachine
0x03E5	0x009C      	MOVWF      FARG_LCD_String_xy_str
0x03E6	0x2194      	CALL       _LCD_String_xy
;VendingMachine.c,167 :: 		LCD_String_xy(2,0,"Credit:");
0x03E7	0x3002      	MOVLW      2
0x03E8	0x009A      	MOVWF      FARG_LCD_String_xy_row
0x03E9	0x019B      	CLRF       FARG_LCD_String_xy_pos
0x03EA	0x3020      	MOVLW      ?lstr7_VendingMachine
0x03EB	0x009C      	MOVWF      FARG_LCD_String_xy_str
0x03EC	0x2194      	CALL       _LCD_String_xy
;VendingMachine.c,168 :: 		if(bal==0)
0x03ED	0x3000      	MOVLW      0
0x03EE	0x1683      	BSF        STATUS, 5
0x03EF	0x1303      	BCF        STATUS, 6
0x03F0	0x0640      	XORWF      _bal+1, 0
0x03F1	0x1D03      	BTFSS      STATUS, 2
0x03F2	0x2BF5      	GOTO       L__main125
0x03F3	0x3000      	MOVLW      0
0x03F4	0x063F      	XORWF      _bal, 0
L__main125:
0x03F5	0x1D03      	BTFSS      STATUS, 2
0x03F6	0x2C09      	GOTO       L_main18
;VendingMachine.c,170 :: 		LCD_char(' ');
0x03F7	0x3020      	MOVLW      32
0x03F8	0x1283      	BCF        STATUS, 5
0x03F9	0x1703      	BSF        STATUS, 6
0x03FA	0x00A0      	MOVWF      FARG_LCD_Char_chardata
0x03FB	0x2022      	CALL       _LCD_Char
;VendingMachine.c,171 :: 		LCD_char(' ');
0x03FC	0x3020      	MOVLW      32
0x03FD	0x00A0      	MOVWF      FARG_LCD_Char_chardata
0x03FE	0x2022      	CALL       _LCD_Char
;VendingMachine.c,172 :: 		LCD_char(' ');
0x03FF	0x3020      	MOVLW      32
0x0400	0x00A0      	MOVWF      FARG_LCD_Char_chardata
0x0401	0x2022      	CALL       _LCD_Char
;VendingMachine.c,173 :: 		LCD_char(' ');
0x0402	0x3020      	MOVLW      32
0x0403	0x00A0      	MOVWF      FARG_LCD_Char_chardata
0x0404	0x2022      	CALL       _LCD_Char
;VendingMachine.c,174 :: 		LCD_char('0');}
0x0405	0x3030      	MOVLW      48
0x0406	0x00A0      	MOVWF      FARG_LCD_Char_chardata
0x0407	0x2022      	CALL       _LCD_Char
0x0408	0x2C12      	GOTO       L_main19
L_main18:
0x0409	0x1283      	BCF        STATUS, 5
0x040A	0x1703      	BSF        STATUS, 6
;VendingMachine.c,176 :: 		{LCD_String_xy(2,7,balval);}
0x040B	0x3002      	MOVLW      2
0x040C	0x009A      	MOVWF      FARG_LCD_String_xy_row
0x040D	0x3007      	MOVLW      7
0x040E	0x009B      	MOVWF      FARG_LCD_String_xy_pos
0x040F	0x30EA      	MOVLW      _balval
0x0410	0x009C      	MOVWF      FARG_LCD_String_xy_str
0x0411	0x2194      	CALL       _LCD_String_xy
L_main19:
;VendingMachine.c,177 :: 		if(bal>=5)
0x0412	0x3000      	MOVLW      0
0x0413	0x1683      	BSF        STATUS, 5
0x0414	0x1303      	BCF        STATUS, 6
0x0415	0x0240      	SUBWF      _bal+1, 0
0x0416	0x1D03      	BTFSS      STATUS, 2
0x0417	0x2C1A      	GOTO       L__main126
0x0418	0x3005      	MOVLW      5
0x0419	0x023F      	SUBWF      _bal, 0
L__main126:
0x041A	0x1C03      	BTFSS      STATUS, 0
0x041B	0x2C55      	GOTO       L_main20
;VendingMachine.c,179 :: 		Wmotor=1;
0x041C	0x3001      	MOVLW      1
0x041D	0x00E6      	MOVWF      _Wmotor
0x041E	0x3000      	MOVLW      0
0x041F	0x00E7      	MOVWF      _Wmotor+1
;VendingMachine.c,180 :: 		bal=bal-5;
0x0420	0x3005      	MOVLW      5
0x0421	0x02BF      	SUBWF      _bal, 1
0x0422	0x1C03      	BTFSS      STATUS, 0
0x0423	0x03C0      	DECF       _bal+1, 1
;VendingMachine.c,181 :: 		Msdelay(2500);
0x0424	0x30C4      	MOVLW      196
0x0425	0x1283      	BCF        STATUS, 5
0x0426	0x1703      	BSF        STATUS, 6
0x0427	0x00A1      	MOVWF      FARG_MSdelay_val
0x0428	0x3009      	MOVLW      9
0x0429	0x00A2      	MOVWF      FARG_MSdelay_val+1
0x042A	0x2003      	CALL       _MSdelay
;VendingMachine.c,182 :: 		LCD_clear();
0x042B	0x2182      	CALL       _LCD_Clear
;VendingMachine.c,183 :: 		LCD_String_xy(1,0,"Processing..");
0x042C	0x3001      	MOVLW      1
0x042D	0x009A      	MOVWF      FARG_LCD_String_xy_row
0x042E	0x019B      	CLRF       FARG_LCD_String_xy_pos
0x042F	0x3037      	MOVLW      ?lstr8_VendingMachine
0x0430	0x009C      	MOVWF      FARG_LCD_String_xy_str
0x0431	0x2194      	CALL       _LCD_String_xy
;VendingMachine.c,184 :: 		for (mstep=0;mstep<steps;mstep++)
0x0432	0x0192      	CLRF       _mstep
0x0433	0x0193      	CLRF       _mstep+1
L_main21:
0x0434	0x3004      	MOVLW      4
0x0435	0x0213      	SUBWF      _mstep+1, 0
0x0436	0x1D03      	BTFSS      STATUS, 2
0x0437	0x2C3A      	GOTO       L__main127
0x0438	0x3038      	MOVLW      56
0x0439	0x0212      	SUBWF      _mstep, 0
L__main127:
0x043A	0x1803      	BTFSC      STATUS, 0
0x043B	0x2C4E      	GOTO       L_main22
;VendingMachine.c,186 :: 		full_drive(clockwise,Wmotor);
0x043C	0x019A      	CLRF       FARG_full_drive_direction
0x043D	0x1683      	BSF        STATUS, 5
0x043E	0x1303      	BCF        STATUS, 6
0x043F	0x0866      	MOVF       _Wmotor, 0
0x0440	0x1283      	BCF        STATUS, 5
0x0441	0x1703      	BSF        STATUS, 6
0x0442	0x009B      	MOVWF      FARG_full_drive_Wmot
0x0443	0x1683      	BSF        STATUS, 5
0x0444	0x1303      	BCF        STATUS, 6
0x0445	0x0867      	MOVF       _Wmotor+1, 0
0x0446	0x1283      	BCF        STATUS, 5
0x0447	0x1703      	BSF        STATUS, 6
0x0448	0x009C      	MOVWF      FARG_full_drive_Wmot+1
0x0449	0x2214      	CALL       _full_drive
;VendingMachine.c,184 :: 		for (mstep=0;mstep<steps;mstep++)
0x044A	0x0A92      	INCF       _mstep, 1
0x044B	0x1903      	BTFSC      STATUS, 2
0x044C	0x0A93      	INCF       _mstep+1, 1
;VendingMachine.c,187 :: 		}
0x044D	0x2C34      	GOTO       L_main21
L_main22:
;VendingMachine.c,188 :: 		MSdelay(500);
0x044E	0x30F4      	MOVLW      244
0x044F	0x00A1      	MOVWF      FARG_MSdelay_val
0x0450	0x3001      	MOVLW      1
0x0451	0x00A2      	MOVWF      FARG_MSdelay_val+1
0x0452	0x2003      	CALL       _MSdelay
;VendingMachine.c,189 :: 		LCD_Clear();
0x0453	0x2182      	CALL       _LCD_Clear
;VendingMachine.c,190 :: 		break;
0x0454	0x2C6B      	GOTO       L_main17
;VendingMachine.c,191 :: 		}
L_main20:
0x0455	0x1283      	BCF        STATUS, 5
0x0456	0x1703      	BSF        STATUS, 6
;VendingMachine.c,192 :: 		PortB=0x00;
0x0457	0x0186      	CLRF       PORTB
;VendingMachine.c,193 :: 		while(C1&&C2&&C3);
L_main24:
0x0458	0x1E06      	BTFSS      RB4_bit, BitPos(RB4_bit+0)
0x0459	0x2C5F      	GOTO       L_main25
0x045A	0x1E86      	BTFSS      RB5_bit, BitPos(RB5_bit+0)
0x045B	0x2C5F      	GOTO       L_main25
0x045C	0x1F06      	BTFSS      RB6_bit, BitPos(RB6_bit+0)
0x045D	0x2C5F      	GOTO       L_main25
L__main111:
0x045E	0x2C58      	GOTO       L_main24
L_main25:
;VendingMachine.c,194 :: 		Sel=key();
0x045F	0x20D7      	CALL       _key
0x0460	0x0870      	MOVF       R0, 0
0x0461	0x1683      	BSF        STATUS, 5
0x0462	0x1303      	BCF        STATUS, 6
0x0463	0x00E8      	MOVWF      _Sel
;VendingMachine.c,195 :: 		if(sel=='*'){
0x0464	0x0870      	MOVF       R0, 0
0x0465	0x3A2A      	XORLW      42
0x0466	0x1D03      	BTFSS      STATUS, 2
0x0467	0x2C6A      	GOTO       L_main28
;VendingMachine.c,196 :: 		LCD_clear();
0x0468	0x2182      	CALL       _LCD_Clear
;VendingMachine.c,197 :: 		break;}
0x0469	0x2C6B      	GOTO       L_main17
L_main28:
;VendingMachine.c,198 :: 		}
0x046A	0x2BDF      	GOTO       L_main16
L_main17:
;VendingMachine.c,199 :: 		}
0x046B	0x2DA7      	GOTO       L_main29
L_main15:
;VendingMachine.c,201 :: 		else if (sel=='2')//Item 2
0x046C	0x1683      	BSF        STATUS, 5
0x046D	0x1303      	BCF        STATUS, 6
0x046E	0x0868      	MOVF       _Sel, 0
0x046F	0x3A32      	XORLW      50
0x0470	0x1D03      	BTFSS      STATUS, 2
0x0471	0x2D0A      	GOTO       L_main30
;VendingMachine.c,203 :: 		LCD_command(0x0C);//Cursor off
0x0472	0x300C      	MOVLW      12
0x0473	0x1283      	BCF        STATUS, 5
0x0474	0x1703      	BSF        STATUS, 6
0x0475	0x009F      	MOVWF      FARG_LCD_command_cmnd
0x0476	0x208C      	CALL       _LCD_command
;VendingMachine.c,204 :: 		MSdelay(500);
0x0477	0x30F4      	MOVLW      244
0x0478	0x00A1      	MOVWF      FARG_MSdelay_val
0x0479	0x3001      	MOVLW      1
0x047A	0x00A2      	MOVWF      FARG_MSdelay_val+1
0x047B	0x2003      	CALL       _MSdelay
;VendingMachine.c,205 :: 		LCD_clear();
0x047C	0x2182      	CALL       _LCD_Clear
;VendingMachine.c,206 :: 		while(1)
L_main31:
0x047D	0x1283      	BCF        STATUS, 5
0x047E	0x1703      	BSF        STATUS, 6
;VendingMachine.c,208 :: 		LCD_String_xy(1,0,"Item2: 50Fils");
0x047F	0x3001      	MOVLW      1
0x0480	0x009A      	MOVWF      FARG_LCD_String_xy_row
0x0481	0x019B      	CLRF       FARG_LCD_String_xy_pos
0x0482	0x30A0      	MOVLW      ?lstr9_VendingMachine
0x0483	0x009C      	MOVWF      FARG_LCD_String_xy_str
0x0484	0x2194      	CALL       _LCD_String_xy
;VendingMachine.c,209 :: 		LCD_String_xy(2,0,"Credit:");
0x0485	0x3002      	MOVLW      2
0x0486	0x009A      	MOVWF      FARG_LCD_String_xy_row
0x0487	0x019B      	CLRF       FARG_LCD_String_xy_pos
0x0488	0x3068      	MOVLW      ?lstr10_VendingMachine
0x0489	0x009C      	MOVWF      FARG_LCD_String_xy_str
0x048A	0x2194      	CALL       _LCD_String_xy
;VendingMachine.c,210 :: 		if(bal==0)
0x048B	0x3000      	MOVLW      0
0x048C	0x1683      	BSF        STATUS, 5
0x048D	0x1303      	BCF        STATUS, 6
0x048E	0x0640      	XORWF      _bal+1, 0
0x048F	0x1D03      	BTFSS      STATUS, 2
0x0490	0x2C93      	GOTO       L__main128
0x0491	0x3000      	MOVLW      0
0x0492	0x063F      	XORWF      _bal, 0
L__main128:
0x0493	0x1D03      	BTFSS      STATUS, 2
0x0494	0x2CA7      	GOTO       L_main33
;VendingMachine.c,212 :: 		LCD_char(' ');
0x0495	0x3020      	MOVLW      32
0x0496	0x1283      	BCF        STATUS, 5
0x0497	0x1703      	BSF        STATUS, 6
0x0498	0x00A0      	MOVWF      FARG_LCD_Char_chardata
0x0499	0x2022      	CALL       _LCD_Char
;VendingMachine.c,213 :: 		LCD_char(' ');
0x049A	0x3020      	MOVLW      32
0x049B	0x00A0      	MOVWF      FARG_LCD_Char_chardata
0x049C	0x2022      	CALL       _LCD_Char
;VendingMachine.c,214 :: 		LCD_char(' ');
0x049D	0x3020      	MOVLW      32
0x049E	0x00A0      	MOVWF      FARG_LCD_Char_chardata
0x049F	0x2022      	CALL       _LCD_Char
;VendingMachine.c,215 :: 		LCD_char(' ');
0x04A0	0x3020      	MOVLW      32
0x04A1	0x00A0      	MOVWF      FARG_LCD_Char_chardata
0x04A2	0x2022      	CALL       _LCD_Char
;VendingMachine.c,216 :: 		LCD_char('0');}
0x04A3	0x3030      	MOVLW      48
0x04A4	0x00A0      	MOVWF      FARG_LCD_Char_chardata
0x04A5	0x2022      	CALL       _LCD_Char
0x04A6	0x2CB0      	GOTO       L_main34
L_main33:
0x04A7	0x1283      	BCF        STATUS, 5
0x04A8	0x1703      	BSF        STATUS, 6
;VendingMachine.c,218 :: 		{LCD_String_xy(2,7,balval);}
0x04A9	0x3002      	MOVLW      2
0x04AA	0x009A      	MOVWF      FARG_LCD_String_xy_row
0x04AB	0x3007      	MOVLW      7
0x04AC	0x009B      	MOVWF      FARG_LCD_String_xy_pos
0x04AD	0x30EA      	MOVLW      _balval
0x04AE	0x009C      	MOVWF      FARG_LCD_String_xy_str
0x04AF	0x2194      	CALL       _LCD_String_xy
L_main34:
;VendingMachine.c,219 :: 		if(bal>=50)
0x04B0	0x3000      	MOVLW      0
0x04B1	0x1683      	BSF        STATUS, 5
0x04B2	0x1303      	BCF        STATUS, 6
0x04B3	0x0240      	SUBWF      _bal+1, 0
0x04B4	0x1D03      	BTFSS      STATUS, 2
0x04B5	0x2CB8      	GOTO       L__main129
0x04B6	0x3032      	MOVLW      50
0x04B7	0x023F      	SUBWF      _bal, 0
L__main129:
0x04B8	0x1C03      	BTFSS      STATUS, 0
0x04B9	0x2CF3      	GOTO       L_main35
;VendingMachine.c,221 :: 		Wmotor=3;
0x04BA	0x3003      	MOVLW      3
0x04BB	0x00E6      	MOVWF      _Wmotor
0x04BC	0x3000      	MOVLW      0
0x04BD	0x00E7      	MOVWF      _Wmotor+1
;VendingMachine.c,222 :: 		bal=bal-50;
0x04BE	0x3032      	MOVLW      50
0x04BF	0x02BF      	SUBWF      _bal, 1
0x04C0	0x1C03      	BTFSS      STATUS, 0
0x04C1	0x03C0      	DECF       _bal+1, 1
;VendingMachine.c,223 :: 		Msdelay(2500);
0x04C2	0x30C4      	MOVLW      196
0x04C3	0x1283      	BCF        STATUS, 5
0x04C4	0x1703      	BSF        STATUS, 6
0x04C5	0x00A1      	MOVWF      FARG_MSdelay_val
0x04C6	0x3009      	MOVLW      9
0x04C7	0x00A2      	MOVWF      FARG_MSdelay_val+1
0x04C8	0x2003      	CALL       _MSdelay
;VendingMachine.c,224 :: 		LCD_clear();
0x04C9	0x2182      	CALL       _LCD_Clear
;VendingMachine.c,225 :: 		LCD_String_xy(1,0,"Processing..");
0x04CA	0x3001      	MOVLW      1
0x04CB	0x009A      	MOVWF      FARG_LCD_String_xy_row
0x04CC	0x019B      	CLRF       FARG_LCD_String_xy_pos
0x04CD	0x305B      	MOVLW      ?lstr11_VendingMachine
0x04CE	0x009C      	MOVWF      FARG_LCD_String_xy_str
0x04CF	0x2194      	CALL       _LCD_String_xy
;VendingMachine.c,226 :: 		for (mstep=0;mstep<steps;mstep++)
0x04D0	0x0192      	CLRF       _mstep
0x04D1	0x0193      	CLRF       _mstep+1
L_main36:
0x04D2	0x3004      	MOVLW      4
0x04D3	0x0213      	SUBWF      _mstep+1, 0
0x04D4	0x1D03      	BTFSS      STATUS, 2
0x04D5	0x2CD8      	GOTO       L__main130
0x04D6	0x3038      	MOVLW      56
0x04D7	0x0212      	SUBWF      _mstep, 0
L__main130:
0x04D8	0x1803      	BTFSC      STATUS, 0
0x04D9	0x2CEC      	GOTO       L_main37
;VendingMachine.c,228 :: 		full_drive(clockwise,Wmotor);
0x04DA	0x019A      	CLRF       FARG_full_drive_direction
0x04DB	0x1683      	BSF        STATUS, 5
0x04DC	0x1303      	BCF        STATUS, 6
0x04DD	0x0866      	MOVF       _Wmotor, 0
0x04DE	0x1283      	BCF        STATUS, 5
0x04DF	0x1703      	BSF        STATUS, 6
0x04E0	0x009B      	MOVWF      FARG_full_drive_Wmot
0x04E1	0x1683      	BSF        STATUS, 5
0x04E2	0x1303      	BCF        STATUS, 6
0x04E3	0x0867      	MOVF       _Wmotor+1, 0
0x04E4	0x1283      	BCF        STATUS, 5
0x04E5	0x1703      	BSF        STATUS, 6
0x04E6	0x009C      	MOVWF      FARG_full_drive_Wmot+1
0x04E7	0x2214      	CALL       _full_drive
;VendingMachine.c,226 :: 		for (mstep=0;mstep<steps;mstep++)
0x04E8	0x0A92      	INCF       _mstep, 1
0x04E9	0x1903      	BTFSC      STATUS, 2
0x04EA	0x0A93      	INCF       _mstep+1, 1
;VendingMachine.c,229 :: 		}
0x04EB	0x2CD2      	GOTO       L_main36
L_main37:
;VendingMachine.c,230 :: 		Msdelay(500);
0x04EC	0x30F4      	MOVLW      244
0x04ED	0x00A1      	MOVWF      FARG_MSdelay_val
0x04EE	0x3001      	MOVLW      1
0x04EF	0x00A2      	MOVWF      FARG_MSdelay_val+1
0x04F0	0x2003      	CALL       _MSdelay
;VendingMachine.c,231 :: 		LCD_clear();
0x04F1	0x2182      	CALL       _LCD_Clear
;VendingMachine.c,232 :: 		break;
0x04F2	0x2D09      	GOTO       L_main32
;VendingMachine.c,233 :: 		}
L_main35:
0x04F3	0x1283      	BCF        STATUS, 5
0x04F4	0x1703      	BSF        STATUS, 6
;VendingMachine.c,234 :: 		PortB=0x00;
0x04F5	0x0186      	CLRF       PORTB
;VendingMachine.c,235 :: 		while(C1&&C2&&C3);
L_main39:
0x04F6	0x1E06      	BTFSS      RB4_bit, BitPos(RB4_bit+0)
0x04F7	0x2CFD      	GOTO       L_main40
0x04F8	0x1E86      	BTFSS      RB5_bit, BitPos(RB5_bit+0)
0x04F9	0x2CFD      	GOTO       L_main40
0x04FA	0x1F06      	BTFSS      RB6_bit, BitPos(RB6_bit+0)
0x04FB	0x2CFD      	GOTO       L_main40
L__main110:
0x04FC	0x2CF6      	GOTO       L_main39
L_main40:
;VendingMachine.c,236 :: 		Sel=key();
0x04FD	0x20D7      	CALL       _key
0x04FE	0x0870      	MOVF       R0, 0
0x04FF	0x1683      	BSF        STATUS, 5
0x0500	0x1303      	BCF        STATUS, 6
0x0501	0x00E8      	MOVWF      _Sel
;VendingMachine.c,237 :: 		if(sel=='*'){
0x0502	0x0870      	MOVF       R0, 0
0x0503	0x3A2A      	XORLW      42
0x0504	0x1D03      	BTFSS      STATUS, 2
0x0505	0x2D08      	GOTO       L_main43
;VendingMachine.c,238 :: 		LCD_clear();
0x0506	0x2182      	CALL       _LCD_Clear
;VendingMachine.c,239 :: 		break;}
0x0507	0x2D09      	GOTO       L_main32
L_main43:
;VendingMachine.c,240 :: 		}
0x0508	0x2C7D      	GOTO       L_main31
L_main32:
;VendingMachine.c,241 :: 		}
0x0509	0x2DA7      	GOTO       L_main44
L_main30:
;VendingMachine.c,243 :: 		else if (sel=='3')//Item 3
0x050A	0x1683      	BSF        STATUS, 5
0x050B	0x1303      	BCF        STATUS, 6
0x050C	0x0868      	MOVF       _Sel, 0
0x050D	0x3A33      	XORLW      51
0x050E	0x1D03      	BTFSS      STATUS, 2
0x050F	0x2DA7      	GOTO       L_main45
;VendingMachine.c,245 :: 		LCD_command(0x0C);//Cursor off
0x0510	0x300C      	MOVLW      12
0x0511	0x1283      	BCF        STATUS, 5
0x0512	0x1703      	BSF        STATUS, 6
0x0513	0x009F      	MOVWF      FARG_LCD_command_cmnd
0x0514	0x208C      	CALL       _LCD_command
;VendingMachine.c,246 :: 		MSdelay(500);
0x0515	0x30F4      	MOVLW      244
0x0516	0x00A1      	MOVWF      FARG_MSdelay_val
0x0517	0x3001      	MOVLW      1
0x0518	0x00A2      	MOVWF      FARG_MSdelay_val+1
0x0519	0x2003      	CALL       _MSdelay
;VendingMachine.c,247 :: 		LCD_clear();
0x051A	0x2182      	CALL       _LCD_Clear
;VendingMachine.c,248 :: 		while(1)
L_main46:
0x051B	0x1283      	BCF        STATUS, 5
0x051C	0x1703      	BSF        STATUS, 6
;VendingMachine.c,250 :: 		LCD_String_xy(1,0,"Item3: 100Fils");
0x051D	0x3001      	MOVLW      1
0x051E	0x009A      	MOVWF      FARG_LCD_String_xy_row
0x051F	0x019B      	CLRF       FARG_LCD_String_xy_pos
0x0520	0x3044      	MOVLW      ?lstr12_VendingMachine
0x0521	0x009C      	MOVWF      FARG_LCD_String_xy_str
0x0522	0x2194      	CALL       _LCD_String_xy
;VendingMachine.c,251 :: 		LCD_String_xy(2,0,"Credit:");
0x0523	0x3002      	MOVLW      2
0x0524	0x009A      	MOVWF      FARG_LCD_String_xy_row
0x0525	0x019B      	CLRF       FARG_LCD_String_xy_pos
0x0526	0x3053      	MOVLW      ?lstr13_VendingMachine
0x0527	0x009C      	MOVWF      FARG_LCD_String_xy_str
0x0528	0x2194      	CALL       _LCD_String_xy
;VendingMachine.c,252 :: 		if(bal==0)
0x0529	0x3000      	MOVLW      0
0x052A	0x1683      	BSF        STATUS, 5
0x052B	0x1303      	BCF        STATUS, 6
0x052C	0x0640      	XORWF      _bal+1, 0
0x052D	0x1D03      	BTFSS      STATUS, 2
0x052E	0x2D31      	GOTO       L__main131
0x052F	0x3000      	MOVLW      0
0x0530	0x063F      	XORWF      _bal, 0
L__main131:
0x0531	0x1D03      	BTFSS      STATUS, 2
0x0532	0x2D45      	GOTO       L_main48
;VendingMachine.c,254 :: 		LCD_char(' ');
0x0533	0x3020      	MOVLW      32
0x0534	0x1283      	BCF        STATUS, 5
0x0535	0x1703      	BSF        STATUS, 6
0x0536	0x00A0      	MOVWF      FARG_LCD_Char_chardata
0x0537	0x2022      	CALL       _LCD_Char
;VendingMachine.c,255 :: 		LCD_char(' ');
0x0538	0x3020      	MOVLW      32
0x0539	0x00A0      	MOVWF      FARG_LCD_Char_chardata
0x053A	0x2022      	CALL       _LCD_Char
;VendingMachine.c,256 :: 		LCD_char(' ');
0x053B	0x3020      	MOVLW      32
0x053C	0x00A0      	MOVWF      FARG_LCD_Char_chardata
0x053D	0x2022      	CALL       _LCD_Char
;VendingMachine.c,257 :: 		LCD_char(' ');
0x053E	0x3020      	MOVLW      32
0x053F	0x00A0      	MOVWF      FARG_LCD_Char_chardata
0x0540	0x2022      	CALL       _LCD_Char
;VendingMachine.c,258 :: 		LCD_char('0');}
0x0541	0x3030      	MOVLW      48
0x0542	0x00A0      	MOVWF      FARG_LCD_Char_chardata
0x0543	0x2022      	CALL       _LCD_Char
0x0544	0x2D4E      	GOTO       L_main49
L_main48:
0x0545	0x1283      	BCF        STATUS, 5
0x0546	0x1703      	BSF        STATUS, 6
;VendingMachine.c,260 :: 		{LCD_String_xy(2,7,balval);}
0x0547	0x3002      	MOVLW      2
0x0548	0x009A      	MOVWF      FARG_LCD_String_xy_row
0x0549	0x3007      	MOVLW      7
0x054A	0x009B      	MOVWF      FARG_LCD_String_xy_pos
0x054B	0x30EA      	MOVLW      _balval
0x054C	0x009C      	MOVWF      FARG_LCD_String_xy_str
0x054D	0x2194      	CALL       _LCD_String_xy
L_main49:
;VendingMachine.c,262 :: 		if(bal>=100)
0x054E	0x3000      	MOVLW      0
0x054F	0x1683      	BSF        STATUS, 5
0x0550	0x1303      	BCF        STATUS, 6
0x0551	0x0240      	SUBWF      _bal+1, 0
0x0552	0x1D03      	BTFSS      STATUS, 2
0x0553	0x2D56      	GOTO       L__main132
0x0554	0x3064      	MOVLW      100
0x0555	0x023F      	SUBWF      _bal, 0
L__main132:
0x0556	0x1C03      	BTFSS      STATUS, 0
0x0557	0x2D91      	GOTO       L_main50
;VendingMachine.c,264 :: 		Wmotor=2;
0x0558	0x3002      	MOVLW      2
0x0559	0x00E6      	MOVWF      _Wmotor
0x055A	0x3000      	MOVLW      0
0x055B	0x00E7      	MOVWF      _Wmotor+1
;VendingMachine.c,265 :: 		bal=bal-100;
0x055C	0x3064      	MOVLW      100
0x055D	0x02BF      	SUBWF      _bal, 1
0x055E	0x1C03      	BTFSS      STATUS, 0
0x055F	0x03C0      	DECF       _bal+1, 1
;VendingMachine.c,266 :: 		Msdelay(2500);
0x0560	0x30C4      	MOVLW      196
0x0561	0x1283      	BCF        STATUS, 5
0x0562	0x1703      	BSF        STATUS, 6
0x0563	0x00A1      	MOVWF      FARG_MSdelay_val
0x0564	0x3009      	MOVLW      9
0x0565	0x00A2      	MOVWF      FARG_MSdelay_val+1
0x0566	0x2003      	CALL       _MSdelay
;VendingMachine.c,267 :: 		LCD_clear();
0x0567	0x2182      	CALL       _LCD_Clear
;VendingMachine.c,268 :: 		LCD_String_xy(1,0,"Processing..");
0x0568	0x3001      	MOVLW      1
0x0569	0x009A      	MOVWF      FARG_LCD_String_xy_row
0x056A	0x019B      	CLRF       FARG_LCD_String_xy_pos
0x056B	0x30D9      	MOVLW      ?lstr14_VendingMachine
0x056C	0x009C      	MOVWF      FARG_LCD_String_xy_str
0x056D	0x2194      	CALL       _LCD_String_xy
;VendingMachine.c,269 :: 		for (mstep=0;mstep<steps;mstep++)
0x056E	0x0192      	CLRF       _mstep
0x056F	0x0193      	CLRF       _mstep+1
L_main51:
0x0570	0x3004      	MOVLW      4
0x0571	0x0213      	SUBWF      _mstep+1, 0
0x0572	0x1D03      	BTFSS      STATUS, 2
0x0573	0x2D76      	GOTO       L__main133
0x0574	0x3038      	MOVLW      56
0x0575	0x0212      	SUBWF      _mstep, 0
L__main133:
0x0576	0x1803      	BTFSC      STATUS, 0
0x0577	0x2D8A      	GOTO       L_main52
;VendingMachine.c,271 :: 		full_drive(clockwise,Wmotor);
0x0578	0x019A      	CLRF       FARG_full_drive_direction
0x0579	0x1683      	BSF        STATUS, 5
0x057A	0x1303      	BCF        STATUS, 6
0x057B	0x0866      	MOVF       _Wmotor, 0
0x057C	0x1283      	BCF        STATUS, 5
0x057D	0x1703      	BSF        STATUS, 6
0x057E	0x009B      	MOVWF      FARG_full_drive_Wmot
0x057F	0x1683      	BSF        STATUS, 5
0x0580	0x1303      	BCF        STATUS, 6
0x0581	0x0867      	MOVF       _Wmotor+1, 0
0x0582	0x1283      	BCF        STATUS, 5
0x0583	0x1703      	BSF        STATUS, 6
0x0584	0x009C      	MOVWF      FARG_full_drive_Wmot+1
0x0585	0x2214      	CALL       _full_drive
;VendingMachine.c,269 :: 		for (mstep=0;mstep<steps;mstep++)
0x0586	0x0A92      	INCF       _mstep, 1
0x0587	0x1903      	BTFSC      STATUS, 2
0x0588	0x0A93      	INCF       _mstep+1, 1
;VendingMachine.c,272 :: 		}
0x0589	0x2D70      	GOTO       L_main51
L_main52:
;VendingMachine.c,273 :: 		MSdelay(500);
0x058A	0x30F4      	MOVLW      244
0x058B	0x00A1      	MOVWF      FARG_MSdelay_val
0x058C	0x3001      	MOVLW      1
0x058D	0x00A2      	MOVWF      FARG_MSdelay_val+1
0x058E	0x2003      	CALL       _MSdelay
;VendingMachine.c,274 :: 		LCD_clear();
0x058F	0x2182      	CALL       _LCD_Clear
;VendingMachine.c,275 :: 		break;
0x0590	0x2DA7      	GOTO       L_main47
;VendingMachine.c,276 :: 		}
L_main50:
0x0591	0x1283      	BCF        STATUS, 5
0x0592	0x1703      	BSF        STATUS, 6
;VendingMachine.c,277 :: 		PortB=0x00;
0x0593	0x0186      	CLRF       PORTB
;VendingMachine.c,278 :: 		while(C1&&C2&&C3);
L_main54:
0x0594	0x1E06      	BTFSS      RB4_bit, BitPos(RB4_bit+0)
0x0595	0x2D9B      	GOTO       L_main55
0x0596	0x1E86      	BTFSS      RB5_bit, BitPos(RB5_bit+0)
0x0597	0x2D9B      	GOTO       L_main55
0x0598	0x1F06      	BTFSS      RB6_bit, BitPos(RB6_bit+0)
0x0599	0x2D9B      	GOTO       L_main55
L__main109:
0x059A	0x2D94      	GOTO       L_main54
L_main55:
;VendingMachine.c,279 :: 		Sel=key();
0x059B	0x20D7      	CALL       _key
0x059C	0x0870      	MOVF       R0, 0
0x059D	0x1683      	BSF        STATUS, 5
0x059E	0x1303      	BCF        STATUS, 6
0x059F	0x00E8      	MOVWF      _Sel
;VendingMachine.c,280 :: 		if(sel=='*'){
0x05A0	0x0870      	MOVF       R0, 0
0x05A1	0x3A2A      	XORLW      42
0x05A2	0x1D03      	BTFSS      STATUS, 2
0x05A3	0x2DA6      	GOTO       L_main58
;VendingMachine.c,281 :: 		LCD_clear();
0x05A4	0x2182      	CALL       _LCD_Clear
;VendingMachine.c,282 :: 		break;}
0x05A5	0x2DA7      	GOTO       L_main47
L_main58:
;VendingMachine.c,283 :: 		}
0x05A6	0x2D1B      	GOTO       L_main46
L_main47:
;VendingMachine.c,284 :: 		}
L_main45:
L_main44:
L_main29:
0x05A7	0x1283      	BCF        STATUS, 5
0x05A8	0x1703      	BSF        STATUS, 6
;VendingMachine.c,285 :: 		Msdelay(100);
0x05A9	0x3064      	MOVLW      100
0x05AA	0x00A1      	MOVWF      FARG_MSdelay_val
0x05AB	0x3000      	MOVLW      0
0x05AC	0x00A2      	MOVWF      FARG_MSdelay_val+1
0x05AD	0x2003      	CALL       _MSdelay
;VendingMachine.c,286 :: 		PortB=0x00;
0x05AE	0x0186      	CLRF       PORTB
;VendingMachine.c,287 :: 		}
0x05AF	0x2AE7      	GOTO       L_main0
;VendingMachine.c,290 :: 		}
L_end_main:
0x05B0	0x2DB0      	GOTO       $+0
; end of _main
0x064C	0x3020      	MOVLW      32
0x064D	0x0084      	MOVWF      FSR
0x064E	0x3048      	MOVLW      72
0x064F	0x1283      	BCF        STATUS, 5
0x0650	0x1303      	BCF        STATUS, 6
0x0651	0x00F0      	MOVWF      R0
0x0652	0x30B6      	MOVLW      182
0x0653	0x1703      	BSF        STATUS, 6
0x0654	0x0094      	MOVWF      ___DoICPAddr
0x0655	0x3005      	MOVLW      5
0x0656	0x0095      	MOVWF      277
0x0657	0x22C4      	CALL       708
0x0658	0x30A0      	MOVLW      160
0x0659	0x0084      	MOVWF      FSR
0x065A	0x300E      	MOVLW      14
0x065B	0x00F0      	MOVWF      R0
0x065C	0x3036      	MOVLW      54
0x065D	0x1703      	BSF        STATUS, 6
0x065E	0x0094      	MOVWF      ___DoICPAddr
0x065F	0x3006      	MOVLW      6
0x0660	0x0095      	MOVWF      277
0x0661	0x22C4      	CALL       708
0x0662	0x3068      	MOVLW      104
0x0663	0x0084      	MOVWF      FSR
0x0664	0x3008      	MOVLW      8
0x0665	0x00F0      	MOVWF      R0
0x0666	0x3044      	MOVLW      68
0x0667	0x1703      	BSF        STATUS, 6
0x0668	0x0094      	MOVWF      ___DoICPAddr
0x0669	0x3006      	MOVLW      6
0x066A	0x0095      	MOVWF      277
0x066B	0x22C4      	CALL       708
0x066C	0x30AE      	MOVLW      174
0x066D	0x0084      	MOVWF      FSR
0x066E	0x3038      	MOVLW      56
0x066F	0x00F0      	MOVWF      R0
0x0670	0x30FE      	MOVLW      254
0x0671	0x1703      	BSF        STATUS, 6
0x0672	0x0094      	MOVWF      ___DoICPAddr
0x0673	0x3005      	MOVLW      5
0x0674	0x0095      	MOVWF      277
0x0675	0x22C4      	CALL       708
0x0676	0x0008      	RETURN
;VendingMachine.c,0 :: ?ICS?lstr7_VendingMachine
0x05B6	0x3443 ;?ICS?lstr7_VendingMachine+0
0x05B7	0x3472 ;?ICS?lstr7_VendingMachine+1
0x05B8	0x3465 ;?ICS?lstr7_VendingMachine+2
0x05B9	0x3464 ;?ICS?lstr7_VendingMachine+3
0x05BA	0x3469 ;?ICS?lstr7_VendingMachine+4
0x05BB	0x3474 ;?ICS?lstr7_VendingMachine+5
0x05BC	0x343A ;?ICS?lstr7_VendingMachine+6
0x05BD	0x3400 ;?ICS?lstr7_VendingMachine+7
; end of ?ICS?lstr7_VendingMachine
;VendingMachine.c,0 :: ?ICS?lstr6_VendingMachine
0x05BE	0x3449 ;?ICS?lstr6_VendingMachine+0
0x05BF	0x3474 ;?ICS?lstr6_VendingMachine+1
0x05C0	0x3465 ;?ICS?lstr6_VendingMachine+2
0x05C1	0x346D ;?ICS?lstr6_VendingMachine+3
0x05C2	0x3431 ;?ICS?lstr6_VendingMachine+4
0x05C3	0x343A ;?ICS?lstr6_VendingMachine+5
0x05C4	0x3420 ;?ICS?lstr6_VendingMachine+6
0x05C5	0x3435 ;?ICS?lstr6_VendingMachine+7
0x05C6	0x3446 ;?ICS?lstr6_VendingMachine+8
0x05C7	0x3469 ;?ICS?lstr6_VendingMachine+9
0x05C8	0x346C ;?ICS?lstr6_VendingMachine+10
0x05C9	0x3473 ;?ICS?lstr6_VendingMachine+11
0x05CA	0x3400 ;?ICS?lstr6_VendingMachine+12
; end of ?ICS?lstr6_VendingMachine
;VendingMachine.c,0 :: ?ICS?lstr5_VendingMachine
0x05CB	0x343A ;?ICS?lstr5_VendingMachine+0
0x05CC	0x3400 ;?ICS?lstr5_VendingMachine+1
; end of ?ICS?lstr5_VendingMachine
;VendingMachine.c,0 :: ?ICS?lstr8_VendingMachine
0x05CD	0x3450 ;?ICS?lstr8_VendingMachine+0
0x05CE	0x3472 ;?ICS?lstr8_VendingMachine+1
0x05CF	0x346F ;?ICS?lstr8_VendingMachine+2
0x05D0	0x3463 ;?ICS?lstr8_VendingMachine+3
0x05D1	0x3465 ;?ICS?lstr8_VendingMachine+4
0x05D2	0x3473 ;?ICS?lstr8_VendingMachine+5
0x05D3	0x3473 ;?ICS?lstr8_VendingMachine+6
0x05D4	0x3469 ;?ICS?lstr8_VendingMachine+7
0x05D5	0x346E ;?ICS?lstr8_VendingMachine+8
0x05D6	0x3467 ;?ICS?lstr8_VendingMachine+9
0x05D7	0x342E ;?ICS?lstr8_VendingMachine+10
0x05D8	0x342E ;?ICS?lstr8_VendingMachine+11
0x05D9	0x3400 ;?ICS?lstr8_VendingMachine+12
; end of ?ICS?lstr8_VendingMachine
;VendingMachine.c,0 :: ?ICS?lstr12_VendingMachine
0x05DA	0x3449 ;?ICS?lstr12_VendingMachine+0
0x05DB	0x3474 ;?ICS?lstr12_VendingMachine+1
0x05DC	0x3465 ;?ICS?lstr12_VendingMachine+2
0x05DD	0x346D ;?ICS?lstr12_VendingMachine+3
0x05DE	0x3433 ;?ICS?lstr12_VendingMachine+4
0x05DF	0x343A ;?ICS?lstr12_VendingMachine+5
0x05E0	0x3420 ;?ICS?lstr12_VendingMachine+6
0x05E1	0x3431 ;?ICS?lstr12_VendingMachine+7
0x05E2	0x3430 ;?ICS?lstr12_VendingMachine+8
0x05E3	0x3430 ;?ICS?lstr12_VendingMachine+9
0x05E4	0x3446 ;?ICS?lstr12_VendingMachine+10
0x05E5	0x3469 ;?ICS?lstr12_VendingMachine+11
0x05E6	0x346C ;?ICS?lstr12_VendingMachine+12
0x05E7	0x3473 ;?ICS?lstr12_VendingMachine+13
0x05E8	0x3400 ;?ICS?lstr12_VendingMachine+14
; end of ?ICS?lstr12_VendingMachine
;VendingMachine.c,0 :: ?ICS?lstr13_VendingMachine
0x05E9	0x3443 ;?ICS?lstr13_VendingMachine+0
0x05EA	0x3472 ;?ICS?lstr13_VendingMachine+1
0x05EB	0x3465 ;?ICS?lstr13_VendingMachine+2
0x05EC	0x3464 ;?ICS?lstr13_VendingMachine+3
0x05ED	0x3469 ;?ICS?lstr13_VendingMachine+4
0x05EE	0x3474 ;?ICS?lstr13_VendingMachine+5
0x05EF	0x343A ;?ICS?lstr13_VendingMachine+6
0x05F0	0x3400 ;?ICS?lstr13_VendingMachine+7
; end of ?ICS?lstr13_VendingMachine
;VendingMachine.c,0 :: ?ICS?lstr11_VendingMachine
0x05F1	0x3450 ;?ICS?lstr11_VendingMachine+0
0x05F2	0x3472 ;?ICS?lstr11_VendingMachine+1
0x05F3	0x346F ;?ICS?lstr11_VendingMachine+2
0x05F4	0x3463 ;?ICS?lstr11_VendingMachine+3
0x05F5	0x3465 ;?ICS?lstr11_VendingMachine+4
0x05F6	0x3473 ;?ICS?lstr11_VendingMachine+5
0x05F7	0x3473 ;?ICS?lstr11_VendingMachine+6
0x05F8	0x3469 ;?ICS?lstr11_VendingMachine+7
0x05F9	0x346E ;?ICS?lstr11_VendingMachine+8
0x05FA	0x3467 ;?ICS?lstr11_VendingMachine+9
0x05FB	0x342E ;?ICS?lstr11_VendingMachine+10
0x05FC	0x342E ;?ICS?lstr11_VendingMachine+11
0x05FD	0x3400 ;?ICS?lstr11_VendingMachine+12
; end of ?ICS?lstr11_VendingMachine
;VendingMachine.c,0 :: ?ICS?lstr2_VendingMachine
0x05FE	0x3453 ;?ICS?lstr2_VendingMachine+0
0x05FF	0x3465 ;?ICS?lstr2_VendingMachine+1
0x0600	0x346C ;?ICS?lstr2_VendingMachine+2
0x0601	0x3465 ;?ICS?lstr2_VendingMachine+3
0x0602	0x3463 ;?ICS?lstr2_VendingMachine+4
0x0603	0x3474 ;?ICS?lstr2_VendingMachine+5
0x0604	0x3428 ;?ICS?lstr2_VendingMachine+6
0x0605	0x3431 ;?ICS?lstr2_VendingMachine+7
0x0606	0x342C ;?ICS?lstr2_VendingMachine+8
0x0607	0x3432 ;?ICS?lstr2_VendingMachine+9
0x0608	0x342C ;?ICS?lstr2_VendingMachine+10
0x0609	0x3433 ;?ICS?lstr2_VendingMachine+11
0x060A	0x3429 ;?ICS?lstr2_VendingMachine+12
0x060B	0x343A ;?ICS?lstr2_VendingMachine+13
0x060C	0x3400 ;?ICS?lstr2_VendingMachine+14
; end of ?ICS?lstr2_VendingMachine
;VendingMachine.c,0 :: ?ICS?lstr3_VendingMachine
0x060D	0x343A ;?ICS?lstr3_VendingMachine+0
0x060E	0x3400 ;?ICS?lstr3_VendingMachine+1
; end of ?ICS?lstr3_VendingMachine
;VendingMachine.c,0 :: ?ICS_bal
0x060F	0x3400 ;?ICS_bal+0
0x0610	0x3400 ;?ICS_bal+1
; end of ?ICS_bal
;VendingMachine.c,0 :: ?ICS?lstr1_VendingMachine
0x0611	0x3443 ;?ICS?lstr1_VendingMachine+0
0x0612	0x3472 ;?ICS?lstr1_VendingMachine+1
0x0613	0x3465 ;?ICS?lstr1_VendingMachine+2
0x0614	0x3464 ;?ICS?lstr1_VendingMachine+3
0x0615	0x3469 ;?ICS?lstr1_VendingMachine+4
0x0616	0x3474 ;?ICS?lstr1_VendingMachine+5
0x0617	0x343A ;?ICS?lstr1_VendingMachine+6
0x0618	0x3400 ;?ICS?lstr1_VendingMachine+7
; end of ?ICS?lstr1_VendingMachine
;VendingMachine.c,0 :: ?ICS_read
0x0619	0x3400 ;?ICS_read+0
0x061A	0x3400 ;?ICS_read+1
; end of ?ICS_read
;VendingMachine.c,0 :: ?ICS_keypad
0x061B	0x3431 ;?ICS_keypad+0
0x061C	0x3432 ;?ICS_keypad+1
0x061D	0x3433 ;?ICS_keypad+2
0x061E	0x3434 ;?ICS_keypad+3
0x061F	0x3435 ;?ICS_keypad+4
0x0620	0x3436 ;?ICS_keypad+5
0x0621	0x3437 ;?ICS_keypad+6
0x0622	0x3438 ;?ICS_keypad+7
0x0623	0x3439 ;?ICS_keypad+8
0x0624	0x342A ;?ICS_keypad+9
0x0625	0x3430 ;?ICS_keypad+10
0x0626	0x3423 ;?ICS_keypad+11
; end of ?ICS_keypad
;VendingMachine.c,0 :: ?ICS?lstr4_VendingMachine
0x0627	0x343A ;?ICS?lstr4_VendingMachine+0
0x0628	0x3400 ;?ICS?lstr4_VendingMachine+1
; end of ?ICS?lstr4_VendingMachine
;VendingMachine.c,0 :: ?ICS?lstr14_VendingMachine
0x0629	0x3450 ;?ICS?lstr14_VendingMachine+0
0x062A	0x3472 ;?ICS?lstr14_VendingMachine+1
0x062B	0x346F ;?ICS?lstr14_VendingMachine+2
0x062C	0x3463 ;?ICS?lstr14_VendingMachine+3
0x062D	0x3465 ;?ICS?lstr14_VendingMachine+4
0x062E	0x3473 ;?ICS?lstr14_VendingMachine+5
0x062F	0x3473 ;?ICS?lstr14_VendingMachine+6
0x0630	0x3469 ;?ICS?lstr14_VendingMachine+7
0x0631	0x346E ;?ICS?lstr14_VendingMachine+8
0x0632	0x3467 ;?ICS?lstr14_VendingMachine+9
0x0633	0x342E ;?ICS?lstr14_VendingMachine+10
0x0634	0x342E ;?ICS?lstr14_VendingMachine+11
0x0635	0x3400 ;?ICS?lstr14_VendingMachine+12
; end of ?ICS?lstr14_VendingMachine
;VendingMachine.c,0 :: ?ICS?lstr9_VendingMachine
0x0636	0x3449 ;?ICS?lstr9_VendingMachine+0
0x0637	0x3474 ;?ICS?lstr9_VendingMachine+1
0x0638	0x3465 ;?ICS?lstr9_VendingMachine+2
0x0639	0x346D ;?ICS?lstr9_VendingMachine+3
0x063A	0x3432 ;?ICS?lstr9_VendingMachine+4
0x063B	0x343A ;?ICS?lstr9_VendingMachine+5
0x063C	0x3420 ;?ICS?lstr9_VendingMachine+6
0x063D	0x3435 ;?ICS?lstr9_VendingMachine+7
0x063E	0x3430 ;?ICS?lstr9_VendingMachine+8
0x063F	0x3446 ;?ICS?lstr9_VendingMachine+9
0x0640	0x3469 ;?ICS?lstr9_VendingMachine+10
0x0641	0x346C ;?ICS?lstr9_VendingMachine+11
0x0642	0x3473 ;?ICS?lstr9_VendingMachine+12
0x0643	0x3400 ;?ICS?lstr9_VendingMachine+13
; end of ?ICS?lstr9_VendingMachine
;VendingMachine.c,0 :: ?ICS?lstr10_VendingMachine
0x0644	0x3443 ;?ICS?lstr10_VendingMachine+0
0x0645	0x3472 ;?ICS?lstr10_VendingMachine+1
0x0646	0x3465 ;?ICS?lstr10_VendingMachine+2
0x0647	0x3464 ;?ICS?lstr10_VendingMachine+3
0x0648	0x3469 ;?ICS?lstr10_VendingMachine+4
0x0649	0x3474 ;?ICS?lstr10_VendingMachine+5
0x064A	0x343A ;?ICS?lstr10_VendingMachine+6
0x064B	0x3400 ;?ICS?lstr10_VendingMachine+7
; end of ?ICS?lstr10_VendingMachine
Symbol List:
//** Routines locations **
//ADDRESS    SIZE    PROCEDURE
//----------------------------------------------
0x0003      [31]    _MSdelay
0x0022      [52]    _LCD_Char
0x0056      [25]    _Mul_8X8_U
0x006F      [29]    _Div_16X16_U
0x008C      [52]    _LCD_command
0x00C0      [16]    _LCD_String
0x00D0       [7]    _____DoICP
0x00D7     [171]    _key
0x0182      [11]    _LCD_Clear
0x018D       [7]    _keyinit
0x0194      [31]    _LCD_String_xy
0x01B3      [31]    _LCD_Initialize
0x01D2      [66]    _WordToStr
0x0214     [176]    _full_drive
0x02C4      [12]    ___CC2DW
0x02D0     [736]    _main
//** Variables locations ** 
//ADDRESS    SIZE    VARIABLE
//----------------------------------------------
0x0000       [1]    INDF
0x0002       [1]    PCL
0x0003       [1]    STATUS
0x0004       [1]    FSR
0x0005       [1]    PORTA
0x0006       [0]    RB5_bit
0x0006       [0]    RB4_bit
0x0006       [0]    RB6_bit
0x0006       [1]    PORTB
0x0006       [0]    RB3_bit
0x0006       [0]    RB0_bit
0x0006       [0]    RB1_bit
0x0006       [0]    RB2_bit
0x0007       [1]    PORTC
0x0008       [0]    RD1_bit
0x0008       [0]    RD0_bit
0x0008       [1]    PORTD
0x0009       [1]    PORTE
0x000A       [1]    PCLATH
0x0020       [8]    ?lstr7_VendingMachine
0x0028      [13]    ?lstr6_VendingMachine
0x0035       [2]    ?lstr5_VendingMachine
0x0037      [13]    ?lstr8_VendingMachine
0x0044      [15]    ?lstr12_VendingMachine
0x0053       [8]    ?lstr13_VendingMachine
0x005B      [13]    ?lstr11_VendingMachine
0x0068       [8]    ?lstr10_VendingMachine
0x0070       [1]    R0
0x0071       [1]    R1
0x0072       [1]    R2
0x0073       [1]    R3
0x0074       [1]    R4
0x0075       [1]    R5
0x0076       [1]    R6
0x0077       [1]    R7
0x0078       [1]    R8
0x0079       [1]    R9
0x007A       [1]    R10
0x007B       [1]    R11
0x007C       [1]    R12
0x007D       [1]    R13
0x007E       [1]    R14
0x007F       [1]    R15
0x0081       [1]    OPTION_REG
0x0085       [1]    TRISA
0x0086       [1]    TRISB
0x0087       [1]    TRISC
0x0088       [1]    TRISD
0x0089       [1]    TRISE
0x009F       [1]    ADCON1
0x00A0      [14]    ?lstr9_VendingMachine
0x00AE      [15]    ?lstr2_VendingMachine
0x00BD       [2]    ?lstr3_VendingMachine
0x00BF       [2]    _bal
0x00C1       [8]    ?lstr1_VendingMachine
0x00C9       [2]    _read
0x00CB      [12]    _keypad
0x00D7       [2]    ?lstr4_VendingMachine
0x00D9      [13]    ?lstr14_VendingMachine
0x00E6       [2]    _Wmotor
0x00E8       [1]    _Sel
0x00E9       [1]    _rowloc
0x00EA       [6]    _balval
0x0110       [1]    _colloc
0x0111       [1]    _location
0x0112       [2]    _mstep
0x0114       [2]    ___DoICPAddr
0x0116       [2]    _j
0x0118       [2]    _i
0x011A       [1]    FARG_LCD_String_xy_row
0x011A       [2]    FARG_WordToStr_input
0x011A       [1]    FARG_full_drive_direction
0x011B       [1]    FARG_LCD_String_xy_pos
0x011B       [2]    FARG_full_drive_Wmot
0x011C       [1]    FARG_WordToStr_output
0x011C       [1]    FARG_LCD_String_xy_str
0x011D       [1]    WordToStr_len_L0
0x011E       [1]    FLOC__WordToStr
0x011F       [1]    FARG_LCD_String_str
0x011F       [1]    FARG_LCD_command_cmnd
0x0120       [1]    FARG_LCD_Char_chardata
0x0121       [2]    FARG_MSdelay_val
//** Constants locations ** 
//ADDRESS    SIZE    CONSTANT
//----------------------------------------------
0x05B6       [8]    ?ICS?lstr7_VendingMachine
0x05BE      [13]    ?ICS?lstr6_VendingMachine
0x05CB       [2]    ?ICS?lstr5_VendingMachine
0x05CD      [13]    ?ICS?lstr8_VendingMachine
0x05DA      [15]    ?ICS?lstr12_VendingMachine
0x05E9       [8]    ?ICS?lstr13_VendingMachine
0x05F1      [13]    ?ICS?lstr11_VendingMachine
0x05FE      [15]    ?ICS?lstr2_VendingMachine
0x060D       [2]    ?ICS?lstr3_VendingMachine
0x060F       [2]    ?ICS_bal
0x0611       [8]    ?ICS?lstr1_VendingMachine
0x0619       [2]    ?ICS_read
0x061B      [12]    ?ICS_keypad
0x0627       [2]    ?ICS?lstr4_VendingMachine
0x0629      [13]    ?ICS?lstr14_VendingMachine
0x0636      [14]    ?ICS?lstr9_VendingMachine
0x0644       [8]    ?ICS?lstr10_VendingMachine
